【登录信息】
*11994367f9d07c43c5bd7ea069fb9c1a*
`登陆天数: 74天 / 2437天
等级: 166
石头: 511
呼符: 14
体力: 68.95333333333333 / 145
友情点: 0 / 44692050`
_2023-12-31 19:31:11_
--------
*5147f543e54e14ce1d91f479d6a8c4fa*
`登陆天数: 499天 / 500天
等级: 129
石头: 1483
呼符: 2
体力: 11529.873333333333 / 138
友情点: 0 / 310640`
*連続ログイン2日目
※ログインが途切れるか、7日到達すると
1日目から再開されます*
`聖晶石 X 1
1月交換券(2024) X 1
`*2024年お正月キャンペーン　三が日限定ログインボーナス*
*開催期間中、三が日限定のログインボーナスをプレゼント！*
`叡智の業火 X 30
QP X 10000000
`_2023-12-31 19:31:19_
--------
*4eff0335928a2d0e92f38ea9bb56d72b*
`登陆天数: 110天 / 1036天
等级: 125
石头: 160
呼符: 0
体力: 20792.393333333333 / 137
友情点: 0 / 874635`
*連続ログイン5日目
※ログインが途切れるか、7日到達すると
1日目から再開されます*
`叡智の業火 X 2
1月交換券(2024) X 1
`*2024年お正月キャンペーン　三が日限定ログインボーナス*
*開催期間中、三が日限定のログインボーナスをプレゼント！*
`叡智の業火 X 30
QP X 10000000
`_2023-12-31 19:31:27_
--------
