【登录信息】
*11994367f9d07c43c5bd7ea069fb9c1a*
`登陆天数: 75天 / 2438天
等级: 166
石头: 511
呼符: 14
体力: 286.9133333333333 / 145
友情点: 750 / 44695205`
*連続ログイン5日目
※ログインが途切れるか、7日到達すると
1日目から再開されます*
`叡智の業火 X 2
1月交換券(2024) X 1
`*2024年お正月キャンペーン　三が日限定ログインボーナス*
*開催期間中、三が日限定のログインボーナスをプレゼント！*
`伝承結晶 X 1
`_2024-01-01 19:30:59_
--------
*5147f543e54e14ce1d91f479d6a8c4fa*
`登陆天数: 500天 / 501天
等级: 129
石头: 1483
呼符: 2
体力: 11817.833333333334 / 138
友情点: 0 / 310640`
*連続ログイン3日目
※ログインが途切れるか、7日到達すると
1日目から再開されます*
`叡智の業火 X 1
1月交換券(2024) X 1
`*2024年お正月キャンペーン　三が日限定ログインボーナス*
*開催期間中、三が日限定のログインボーナスをプレゼント！*
`伝承結晶 X 1
`_2024-01-01 19:31:08_
--------
*4eff0335928a2d0e92f38ea9bb56d72b*
`登陆天数: 111天 / 1037天
等级: 125
石头: 160
呼符: 0
体力: 21080.356666666667 / 137
友情点: 0 / 874635`
*連続ログイン6日目
※ログインが途切れるか、7日到達すると
1日目から再開されます*
`聖晶石 X 2
1月交換券(2024) X 1
`*2024年お正月キャンペーン　三が日限定ログインボーナス*
*開催期間中、三が日限定のログインボーナスをプレゼント！*
`伝承結晶 X 1
`_2024-01-01 19:31:16_
--------
