【登录信息】
*11994367f9d07c43c5bd7ea069fb9c1a*
`登陆天数: 76天 / 2439天
等级: 166
石头: 514
呼符: 14
体力: 47.120000000000005 / 145
友情点: 25 / 44695115`
*連続ログイン6日目
※ログインが途切れるか、7日到達すると
1日目から再開されます*
`聖晶石 X 2
1月交換券(2024) X 1
`*2024年お正月キャンペーン　三が日限定ログインボーナス*
*開催期間中、三が日限定のログインボーナスをプレゼント！*
`聖杯 X 1
`_2024-01-02 19:31:00_
--------
*5147f543e54e14ce1d91f479d6a8c4fa*
`登陆天数: 501天 / 502天
等级: 129
石头: 1483
呼符: 2
体力: 12105.833333333334 / 138
友情点: 0 / 310640`
*連続ログイン4日目
※ログインが途切れるか、7日到達すると
1日目から再開されます*
`聖晶石 X 1
1月交換券(2024) X 1
`*2024年お正月キャンペーン　三が日限定ログインボーナス*
*開催期間中、三が日限定のログインボーナスをプレゼント！*
`聖杯 X 1
`_2024-01-02 19:31:08_
--------
*4eff0335928a2d0e92f38ea9bb56d72b*
`登陆天数: 112天 / 1038天
等级: 125
石头: 160
呼符: 0
体力: 21368.356666666667 / 137
友情点: 0 / 874635`
*連続ログイン7日間到達おめでとうございます！
明日は1日目からリスタートされます。*
`獣の足跡 X 1
呼符 X 1
1月交換券(2024) X 1
`*2024年お正月キャンペーン　三が日限定ログインボーナス*
*開催期間中、三が日限定のログインボーナスをプレゼント！*
`聖杯 X 1
`_2024-01-02 19:31:16_
--------
