【登录信息】
*11994367f9d07c43c5bd7ea069fb9c1a*
`登陆天数: 77天 / 2440天
等级: 166
石头: 516
呼符: 14
体力: 168.90333333333334 / 145
友情点: 175 / 44696190`
*連続ログイン7日間到達おめでとうございます！
明日は1日目からリスタートされます。*
`獣の足跡 X 1
呼符 X 1
1月交換券(2024) X 1
`*2024年お正月キャンペーン 10万リポスト達成プレゼント*
*開催期間中、初回ログインでお正月限定概念礼装&2024万QPをプレゼント！*
`ドラゴン・ダンス X 1
QP X 20240000
`_2024-01-03 19:31:05_
--------
*5147f543e54e14ce1d91f479d6a8c4fa*
`登陆天数: 502天 / 503天
等级: 129
石头: 1483
呼符: 2
体力: 12393.853333333333 / 138
友情点: 0 / 310640`
*連続ログイン5日目
※ログインが途切れるか、7日到達すると
1日目から再開されます*
`叡智の業火 X 2
1月交換券(2024) X 1
`*2024年お正月キャンペーン 10万リポスト達成プレゼント*
*開催期間中、初回ログインでお正月限定概念礼装&2024万QPをプレゼント！*
`ドラゴン・ダンス X 1
QP X 20240000
`_2024-01-03 19:31:14_
--------
*4eff0335928a2d0e92f38ea9bb56d72b*
`登陆天数: 113天 / 1039天
等级: 125
石头: 160
呼符: 0
体力: 21656.376666666667 / 137
友情点: 0 / 874635`
*連続ログイン1日目
※ログインが途切れるか、7日到達すると
1日目から再開されます*
`フレンドポイント X 2000
1月交換券(2024) X 1
`*2024年お正月キャンペーン 10万リポスト達成プレゼント*
*開催期間中、初回ログインでお正月限定概念礼装&2024万QPをプレゼント！*
`ドラゴン・ダンス X 1
QP X 20240000
`_2024-01-03 19:31:21_
--------
