【登录信息】
*11994367f9d07c43c5bd7ea069fb9c1a*
`登陆天数: 78天 / 2441天
等级: 166
石头: 516
呼符: 14
体力: 35.290000000000006 / 145
友情点: 140 / 44700740`
*連続ログイン1日目
※ログインが途切れるか、7日到達すると
1日目から再開されます*
`フレンドポイント X 2000
1月交換券(2024) X 1
`_2024-01-04 19:31:02_
--------
*5147f543e54e14ce1d91f479d6a8c4fa*
`登陆天数: 503天 / 504天
等级: 129
石头: 1483
呼符: 2
体力: 12681.843333333334 / 138
友情点: 0 / 310640`
*連続ログイン6日目
※ログインが途切れるか、7日到達すると
1日目から再開されます*
`聖晶石 X 2
1月交換券(2024) X 1
`_2024-01-04 19:31:11_
--------
*4eff0335928a2d0e92f38ea9bb56d72b*
`登陆天数: 114天 / 1040天
等级: 125
石头: 160
呼符: 0
体力: 21944.37 / 137
友情点: 0 / 874635`
*連続ログイン2日目
※ログインが途切れるか、7日到達すると
1日目から再開されます*
`聖晶石 X 1
1月交換券(2024) X 1
`_2024-01-04 19:31:19_
--------
