【登录信息】
*11994367f9d07c43c5bd7ea069fb9c1a*
`登陆天数: 79天 / 2442天
等级: 166
石头: 519
呼符: 20
体力: 51.38666666666667 / 145
友情点: 175 / 44704030`
*連続ログイン2日目
※ログインが途切れるか、7日到達すると
1日目から再開されます*
`聖晶石 X 1
1月交換券(2024) X 1
`_2024-01-05 19:31:17_
--------
*5147f543e54e14ce1d91f479d6a8c4fa*
`登陆天数: 504天 / 505天
等级: 129
石头: 1483
呼符: 2
体力: 12969.893333333333 / 138
友情点: 0 / 310640`
*連続ログイン7日間到達おめでとうございます！
明日は1日目からリスタートされます。*
`獣の足跡 X 1
呼符 X 1
1月交換券(2024) X 1
`_2024-01-05 19:31:25_
--------
*4eff0335928a2d0e92f38ea9bb56d72b*
`登陆天数: 115天 / 1041天
等级: 125
石头: 160
呼符: 0
体力: 22232.416666666668 / 137
友情点: 0 / 874635`
*連続ログイン3日目
※ログインが途切れるか、7日到達すると
1日目から再開されます*
`叡智の業火 X 1
1月交換券(2024) X 1
`_2024-01-05 19:31:33_
--------
