【登录信息】
*11994367f9d07c43c5bd7ea069fb9c1a*
`登陆天数: 80天 / 2443天
等级: 166
石头: 520
呼符: 20
体力: 71.90333333333334 / 145
友情点: 290 / 44705180`
*連続ログイン3日目
※ログインが途切れるか、7日到達すると
1日目から再開されます*
`叡智の業火 X 1
1月交換券(2024) X 1
`_2024-01-06 19:31:15_
--------
*5147f543e54e14ce1d91f479d6a8c4fa*
`登陆天数: 505天 / 506天
等级: 129
石头: 1483
呼符: 2
体力: 13257.886666666667 / 138
友情点: 0 / 310640`
*連続ログイン1日目
※ログインが途切れるか、7日到達すると
1日目から再開されます*
`フレンドポイント X 2000
1月交換券(2024) X 1
`_2024-01-06 19:31:23_
--------
*4eff0335928a2d0e92f38ea9bb56d72b*
`登陆天数: 116天 / 1042天
等级: 125
石头: 160
呼符: 0
体力: 22520.41 / 137
友情点: 0 / 874635`
*連続ログイン4日目
※ログインが途切れるか、7日到達すると
1日目から再開されます*
`聖晶石 X 1
1月交換券(2024) X 1
`_2024-01-06 19:31:31_
--------
