【登录信息】
*11994367f9d07c43c5bd7ea069fb9c1a*
`登陆天数: 81天 / 2444天
等级: 166
石头: 520
呼符: 20
体力: 359.89666666666665 / 145
友情点: 740 / 44705960`
*連続ログイン4日目
※ログインが途切れるか、7日到達すると
1日目から再開されます*
`聖晶石 X 1
1月交換券(2024) X 1
`_2024-01-07 19:31:12_
--------
*5147f543e54e14ce1d91f479d6a8c4fa*
`登陆天数: 506天 / 507天
等级: 129
石头: 1483
呼符: 2
体力: 13545.88 / 138
友情点: 0 / 310640`
*連続ログイン2日目
※ログインが途切れるか、7日到達すると
1日目から再開されます*
`聖晶石 X 1
1月交換券(2024) X 1
`_2024-01-07 19:31:22_
--------
*4eff0335928a2d0e92f38ea9bb56d72b*
`登陆天数: 117天 / 1043天
等级: 125
石头: 160
呼符: 0
体力: 22808.403333333332 / 137
友情点: 0 / 874635`
*連続ログイン5日目
※ログインが途切れるか、7日到達すると
1日目から再開されます*
`叡智の業火 X 2
1月交換券(2024) X 1
`_2024-01-07 19:31:30_
--------
