【登录信息】
*11994367f9d07c43c5bd7ea069fb9c1a*
`登陆天数: 83天 / 2446天
等级: 166
石头: 534
呼符: 20
体力: 40.403333333333336 / 145
友情点: 100 / 44707445`
*連続ログイン6日目
※ログインが途切れるか、7日到達すると
1日目から再開されます*
`聖晶石 X 2
1月交換券(2024) X 1
`_2024-01-09 19:31:10_
--------
*5147f543e54e14ce1d91f479d6a8c4fa*
`登陆天数: 1天 / 508天
等级: 129
石头: 1483
呼符: 2
体力: 14121.87 / 138
友情点: 0 / 310640`
*連続ログイン1日目
※ログインが途切れるか、7日到達すると
1日目から再開されます*
`フレンドポイント X 2000
1月交換券(2024) X 1
`_2024-01-09 19:31:19_
--------
*4eff0335928a2d0e92f38ea9bb56d72b*
`登陆天数: 1天 / 1044天
等级: 125
石头: 160
呼符: 0
体力: 23384.393333333333 / 137
友情点: 0 / 874635`
*連続ログイン1日目
※ログインが途切れるか、7日到達すると
1日目から再開されます*
`フレンドポイント X 2000
1月交換券(2024) X 1
`_2024-01-09 19:31:27_
--------
