【登录信息】
*11994367f9d07c43c5bd7ea069fb9c1a*
`登陆天数: 84天 / 2447天
等级: 166
石头: 540
呼符: 20
体力: 50.879999999999995 / 145
友情点: 240 / 44710045`
*連続ログイン7日間到達おめでとうございます！
明日は1日目からリスタートされます。*
`獣の足跡 X 1
呼符 X 1
1月交換券(2024) X 1
`*「FGO カルデア・サテライトステーション 2023-2024」宮崎会場開催直前 ログインボーナス*
*開催期間中、1日1回 最大3回 ログインボーナスをプレゼント！*
`黄金の果実 X 1
`_2024-01-10 19:31:05_
--------
*5147f543e54e14ce1d91f479d6a8c4fa*
`登陆天数: 2天 / 509天
等级: 129
石头: 1483
呼符: 2
体力: 14409.856666666667 / 138
友情点: 0 / 310640`
*連続ログイン2日目
※ログインが途切れるか、7日到達すると
1日目から再開されます*
`聖晶石 X 1
1月交換券(2024) X 1
`*「FGO カルデア・サテライトステーション 2023-2024」宮崎会場開催直前 ログインボーナス*
*開催期間中、1日1回 最大3回 ログインボーナスをプレゼント！*
`黄金の果実 X 1
`_2024-01-10 19:31:14_
--------
*4eff0335928a2d0e92f38ea9bb56d72b*
`登陆天数: 2天 / 1045天
等级: 125
石头: 160
呼符: 0
体力: 23672.38 / 137
友情点: 0 / 874635`
*連続ログイン2日目
※ログインが途切れるか、7日到達すると
1日目から再開されます*
`聖晶石 X 1
1月交換券(2024) X 1
`*「FGO カルデア・サテライトステーション 2023-2024」宮崎会場開催直前 ログインボーナス*
*開催期間中、1日1回 最大3回 ログインボーナスをプレゼント！*
`黄金の果実 X 1
`_2024-01-10 19:31:22_
--------
