【登录信息】
*11994367f9d07c43c5bd7ea069fb9c1a*
`登陆天数: 86天 / 2449天
等级: 166
石头: 540
呼符: 21
体力: 100.16666666666666 / 145
友情点: 220 / 44712095`
*連続ログイン2日目
※ログインが途切れるか、7日到達すると
1日目から再開されます*
`聖晶石 X 1
1月交換券(2024) X 1
`*「FGO カルデア・サテライトステーション 2023-2024」宮崎会場開催直前 ログインボーナス*
*開催期間中、1日1回 最大3回 ログインボーナスをプレゼント！*
`黄金の果実 X 1
`_2024-01-12 19:31:03_
--------
*5147f543e54e14ce1d91f479d6a8c4fa*
`登陆天数: 4天 / 511天
等级: 129
石头: 1483
呼符: 2
体力: 14985.85 / 138
友情点: 0 / 310640`
*連続ログイン4日目
※ログインが途切れるか、7日到達すると
1日目から再開されます*
`聖晶石 X 1
1月交換券(2024) X 1
`*「FGO カルデア・サテライトステーション 2023-2024」宮崎会場開催直前 ログインボーナス*
*開催期間中、1日1回 最大3回 ログインボーナスをプレゼント！*
`黄金の果実 X 1
`_2024-01-12 19:31:12_
--------
*4eff0335928a2d0e92f38ea9bb56d72b*
`登陆天数: 4天 / 1047天
等级: 125
石头: 160
呼符: 0
体力: 24248.373333333333 / 137
友情点: 0 / 874635`
*連続ログイン4日目
※ログインが途切れるか、7日到達すると
1日目から再開されます*
`聖晶石 X 1
1月交換券(2024) X 1
`*「FGO カルデア・サテライトステーション 2023-2024」宮崎会場開催直前 ログインボーナス*
*開催期間中、1日1回 最大3回 ログインボーナスをプレゼント！*
`黄金の果実 X 1
`_2024-01-12 19:31:20_
--------
