【登录信息】
*11994367f9d07c43c5bd7ea069fb9c1a*
`登陆天数: 87天 / 2450天
等级: 166
石头: 541
呼符: 21
体力: 78.84 / 145
友情点: 40 / 44715015`
*連続ログイン3日目
※ログインが途切れるか、7日到達すると
1日目から再開されます*
`叡智の業火 X 1
1月交換券(2024) X 1
`*「FGO カルデア・サテライトステーション 2023-2024」宮崎会場開催記念 3万リポスト達成プレゼント*
*開催期間中、初回ログインで「聖晶石×6」をプレゼント！*
`聖晶石 X 6
`_2024-01-13 19:31:01_
--------
*5147f543e54e14ce1d91f479d6a8c4fa*
`登陆天数: 5天 / 512天
等级: 129
石头: 1483
呼符: 2
体力: 15273.843333333334 / 138
友情点: 0 / 310640`
*連続ログイン5日目
※ログインが途切れるか、7日到達すると
1日目から再開されます*
`叡智の業火 X 2
1月交換券(2024) X 1
`*「FGO カルデア・サテライトステーション 2023-2024」宮崎会場開催記念 3万リポスト達成プレゼント*
*開催期間中、初回ログインで「聖晶石×6」をプレゼント！*
`聖晶石 X 6
`_2024-01-13 19:31:10_
--------
*4eff0335928a2d0e92f38ea9bb56d72b*
`登陆天数: 5天 / 1048天
等级: 125
石头: 160
呼符: 0
体力: 24536.366666666665 / 137
友情点: 0 / 874635`
*連続ログイン5日目
※ログインが途切れるか、7日到達すると
1日目から再開されます*
`叡智の業火 X 2
1月交換券(2024) X 1
`*「FGO カルデア・サテライトステーション 2023-2024」宮崎会場開催記念 3万リポスト達成プレゼント*
*開催期間中、初回ログインで「聖晶石×6」をプレゼント！*
`聖晶石 X 6
`_2024-01-13 19:31:18_
--------
