【登录信息】
*11994367f9d07c43c5bd7ea069fb9c1a*
`登陆天数: 89天 / 2452天
等级: 166
石头: 542
呼符: 21
体力: 91.18666666666667 / 145
友情点: 260 / 44716540`
*連続ログイン5日目
※ログインが途切れるか、7日到達すると
1日目から再開されます*
`叡智の業火 X 2
1月交換券(2024) X 1
`*Fate/Samurai Remnant×Fate/Grand Order
コラボレーションイベント
開幕直前特別ログインボーナス*
*開催期間中、1日1回 最大7回ログインボーナスをプレゼント！*
`QP X 2000000
聖晶石 X 1
`_2024-01-15 19:30:46_
--------
*5147f543e54e14ce1d91f479d6a8c4fa*
`登陆天数: 7天 / 514天
等级: 129
石头: 1483
呼符: 2
体力: 15849.793333333333 / 138
友情点: 0 / 310640`
*連続ログイン7日間到達おめでとうございます！
明日は1日目からリスタートされます。*
`獣の足跡 X 1
呼符 X 1
1月交換券(2024) X 1
`*Fate/Samurai Remnant×Fate/Grand Order
コラボレーションイベント
開幕直前特別ログインボーナス*
*開催期間中、1日1回 最大7回ログインボーナスをプレゼント！*
`QP X 2000000
聖晶石 X 1
`_2024-01-15 19:30:55_
--------
*4eff0335928a2d0e92f38ea9bb56d72b*
`登陆天数: 7天 / 1050天
等级: 125
石头: 160
呼符: 0
体力: 25112.32 / 137
友情点: 0 / 874635`
*連続ログイン7日間到達おめでとうございます！
明日は1日目からリスタートされます。*
`獣の足跡 X 1
呼符 X 1
1月交換券(2024) X 1
`*Fate/Samurai Remnant×Fate/Grand Order
コラボレーションイベント
開幕直前特別ログインボーナス*
*開催期間中、1日1回 最大7回ログインボーナスをプレゼント！*
`QP X 2000000
聖晶石 X 1
`_2024-01-15 19:31:04_
--------
