【登录信息】
*11994367f9d07c43c5bd7ea069fb9c1a*
`登陆天数: 90天 / 2453天
等级: 166
石头: 591
呼符: 21
体力: 124.49666666666667 / 145
友情点: 200 / 44715650`
*連続ログイン6日目
※ログインが途切れるか、7日到達すると
1日目から再開されます*
`聖晶石 X 2
1月交換券(2024) X 1
`*Fate/Samurai Remnant×Fate/Grand Order
コラボレーションイベント
開幕直前特別ログインボーナス*
*開催期間中、1日1回 最大7回ログインボーナスをプレゼント！*
`聖晶石 X 1
白銀の果実 X 1
`_2024-01-16 19:31:02_
--------
*5147f543e54e14ce1d91f479d6a8c4fa*
`登陆天数: 8天 / 515天
等级: 129
石头: 1483
呼符: 2
体力: 16137.85 / 138
友情点: 0 / 310640`
*連続ログイン1日目
※ログインが途切れるか、7日到達すると
1日目から再開されます*
`フレンドポイント X 2000
1月交換券(2024) X 1
`*Fate/Samurai Remnant×Fate/Grand Order
コラボレーションイベント
開幕直前特別ログインボーナス*
*開催期間中、1日1回 最大7回ログインボーナスをプレゼント！*
`聖晶石 X 1
白銀の果実 X 1
`_2024-01-16 19:31:12_
--------
*4eff0335928a2d0e92f38ea9bb56d72b*
`登陆天数: 8天 / 1051天
等级: 125
石头: 160
呼符: 0
体力: 25400.376666666667 / 137
友情点: 0 / 874635`
*連続ログイン1日目
※ログインが途切れるか、7日到達すると
1日目から再開されます*
`フレンドポイント X 2000
1月交換券(2024) X 1
`*Fate/Samurai Remnant×Fate/Grand Order
コラボレーションイベント
開幕直前特別ログインボーナス*
*開催期間中、1日1回 最大7回ログインボーナスをプレゼント！*
`聖晶石 X 1
白銀の果実 X 1
`_2024-01-16 19:31:21_
--------
