【登录信息】
*11994367f9d07c43c5bd7ea069fb9c1a*
`登陆天数: 91天 / 2454天
等级: 166
石头: 592
呼符: 0
体力: 128.13 / 145
友情点: 135 / 44657350`
*連続ログイン7日間到達おめでとうございます！
明日は1日目からリスタートされます。*
`獣の足跡 X 1
呼符 X 1
1月交換券(2024) X 1
`*Fate/Samurai Remnant×Fate/Grand Order
コラボレーションイベント
開幕直前特別ログインボーナス*
*開催期間中、1日1回 最大7回ログインボーナスをプレゼント！*
`英霊結晶・星のフォウくん X 5
聖晶石 X 1
`_2024-01-17 19:31:17_
--------
*5147f543e54e14ce1d91f479d6a8c4fa*
`登陆天数: 9天 / 516天
等级: 129
石头: 1483
呼符: 2
体力: 16425.9 / 138
友情点: 0 / 310640`
*連続ログイン2日目
※ログインが途切れるか、7日到達すると
1日目から再開されます*
`聖晶石 X 1
1月交換券(2024) X 1
`*Fate/Samurai Remnant×Fate/Grand Order
コラボレーションイベント
開幕直前特別ログインボーナス*
*開催期間中、1日1回 最大7回ログインボーナスをプレゼント！*
`英霊結晶・星のフォウくん X 5
聖晶石 X 1
`_2024-01-17 19:31:27_
--------
*4eff0335928a2d0e92f38ea9bb56d72b*
`登陆天数: 9天 / 1052天
等级: 125
石头: 160
呼符: 0
体力: 25688.426666666666 / 137
友情点: 0 / 874635`
*連続ログイン2日目
※ログインが途切れるか、7日到達すると
1日目から再開されます*
`聖晶石 X 1
1月交換券(2024) X 1
`*Fate/Samurai Remnant×Fate/Grand Order
コラボレーションイベント
開幕直前特別ログインボーナス*
*開催期間中、1日1回 最大7回ログインボーナスをプレゼント！*
`英霊結晶・星のフォウくん X 5
聖晶石 X 1
`_2024-01-17 19:31:36_
--------
