【登录信息】
*11994367f9d07c43c5bd7ea069fb9c1a*
`登陆天数: 92天 / 2455天
等级: 166
石头: 601
呼符: 1
体力: 85.53666666666666 / 145
友情点: 575 / 44660635`
*連続ログイン1日目
※ログインが途切れるか、7日到達すると
1日目から再開されます*
`フレンドポイント X 2000
1月交換券(2024) X 1
`*Fate/Samurai Remnant×Fate/Grand Order
コラボレーションイベント
開幕直前特別ログインボーナス*
*開催期間中、1日1回 最大7回ログインボーナスをプレゼント！*
`英霊結晶・太陽のフォウくん X 5
聖晶石 X 1
`_2024-01-18 19:31:10_
--------
*5147f543e54e14ce1d91f479d6a8c4fa*
`登陆天数: 10天 / 517天
等级: 129
石头: 1483
呼符: 2
体力: 16713.876666666667 / 138
友情点: 0 / 310640`
*連続ログイン3日目
※ログインが途切れるか、7日到達すると
1日目から再開されます*
`叡智の業火 X 1
1月交換券(2024) X 1
`*Fate/Samurai Remnant×Fate/Grand Order
コラボレーションイベント
開幕直前特別ログインボーナス*
*開催期間中、1日1回 最大7回ログインボーナスをプレゼント！*
`英霊結晶・太陽のフォウくん X 5
聖晶石 X 1
`_2024-01-18 19:31:20_
--------
*4eff0335928a2d0e92f38ea9bb56d72b*
`登陆天数: 10天 / 1053天
等级: 125
石头: 160
呼符: 0
体力: 25976.403333333332 / 137
友情点: 0 / 874635`
*連続ログイン3日目
※ログインが途切れるか、7日到達すると
1日目から再開されます*
`叡智の業火 X 1
1月交換券(2024) X 1
`*Fate/Samurai Remnant×Fate/Grand Order
コラボレーションイベント
開幕直前特別ログインボーナス*
*開催期間中、1日1回 最大7回ログインボーナスをプレゼント！*
`英霊結晶・太陽のフォウくん X 5
聖晶石 X 1
`_2024-01-18 19:31:28_
--------
