【登录信息】
*11994367f9d07c43c5bd7ea069fb9c1a*
`登陆天数: 93天 / 2456天
等级: 166
石头: 601
呼符: 1
体力: 231.83666666666667 / 145
友情点: 280 / 44662695`
*連続ログイン2日目
※ログインが途切れるか、7日到達すると
1日目から再開されます*
`聖晶石 X 1
1月交換券(2024) X 1
`*Fate/Samurai Remnant×Fate/Grand Order
コラボレーションイベント
開幕直前特別ログインボーナス*
*開催期間中、1日1回 最大7回ログインボーナスをプレゼント！*
`聖晶石 X 1
マナプリズム X 50
`_2024-01-19 19:30:59_
--------
*5147f543e54e14ce1d91f479d6a8c4fa*
`登陆天数: 11天 / 518天
等级: 129
石头: 1483
呼符: 2
体力: 17001.843333333334 / 138
友情点: 0 / 310640`
*連続ログイン4日目
※ログインが途切れるか、7日到達すると
1日目から再開されます*
`聖晶石 X 1
1月交換券(2024) X 1
`*Fate/Samurai Remnant×Fate/Grand Order
コラボレーションイベント
開幕直前特別ログインボーナス*
*開催期間中、1日1回 最大7回ログインボーナスをプレゼント！*
`聖晶石 X 1
マナプリズム X 50
`_2024-01-19 19:31:10_
--------
*4eff0335928a2d0e92f38ea9bb56d72b*
`登陆天数: 11天 / 1054天
等级: 125
石头: 160
呼符: 0
体力: 26264.366666666665 / 137
友情点: 0 / 874635`
*連続ログイン4日目
※ログインが途切れるか、7日到達すると
1日目から再開されます*
`聖晶石 X 1
1月交換券(2024) X 1
`*Fate/Samurai Remnant×Fate/Grand Order
コラボレーションイベント
開幕直前特別ログインボーナス*
*開催期間中、1日1回 最大7回ログインボーナスをプレゼント！*
`聖晶石 X 1
マナプリズム X 50
`_2024-01-19 19:31:18_
--------
