【登录信息】
*11994367f9d07c43c5bd7ea069fb9c1a*
`登陆天数: 95天 / 2458天
等级: 166
石头: 604
呼符: 1
体力: 232.33333333333331 / 145
友情点: 600 / 44667835`
*連続ログイン4日目
※ログインが途切れるか、7日到達すると
1日目から再開されます*
`聖晶石 X 1
1月交換券(2024) X 1
`*盈月剣風帖開幕記念 ログインボーナス*
*開催期間中、1日1回 最大21回ログインボーナスをプレゼント！*
`白銀の果実 X 1
`_2024-01-21 19:31:03_
--------
*5147f543e54e14ce1d91f479d6a8c4fa*
`登陆天数: 13天 / 520天
等级: 129
石头: 1483
呼符: 2
体力: 17577.853333333333 / 138
友情点: 0 / 310640`
*連続ログイン6日目
※ログインが途切れるか、7日到達すると
1日目から再開されます*
`聖晶石 X 2
1月交換券(2024) X 1
`*盈月剣風帖開幕記念 ログインボーナス*
*開催期間中、1日1回 最大21回ログインボーナスをプレゼント！*
`白銀の果実 X 1
`_2024-01-21 19:31:13_
--------
*4eff0335928a2d0e92f38ea9bb56d72b*
`登陆天数: 13天 / 1056天
等级: 125
石头: 160
呼符: 0
体力: 26840.376666666667 / 137
友情点: 0 / 874635`
*連続ログイン6日目
※ログインが途切れるか、7日到達すると
1日目から再開されます*
`聖晶石 X 2
1月交換券(2024) X 1
`*盈月剣風帖開幕記念 ログインボーナス*
*開催期間中、1日1回 最大21回ログインボーナスをプレゼント！*
`白銀の果実 X 1
`_2024-01-21 19:31:21_
--------
