【登录信息】
*11994367f9d07c43c5bd7ea069fb9c1a*
`登陆天数: 96天 / 2459天
等级: 166
石头: 616
呼符: 1
体力: 21.540000000000006 / 145
友情点: 745 / 44669090`
_2024-01-22 19:31:13_
--------
*5147f543e54e14ce1d91f479d6a8c4fa*
`登陆天数: 14天 / 521天
等级: 129
石头: 1483
呼符: 2
体力: 17865.88 / 138
友情点: 0 / 310640`
*連続ログイン7日間到達おめでとうございます！
明日は1日目からリスタートされます。*
`獣の足跡 X 1
呼符 X 1
1月交換券(2024) X 1
`*リリース3100日突破キャンペーン 初回ログインボーナス*
*開催期間中、初回ログインで「聖晶石×10」をプレゼント！*
`聖晶石 X 10
`_2024-01-22 19:31:21_
--------
*4eff0335928a2d0e92f38ea9bb56d72b*
`登陆天数: 14天 / 1057天
等级: 125
石头: 160
呼符: 0
体力: 27128.406666666666 / 137
友情点: 0 / 874635`
*連続ログイン7日間到達おめでとうございます！
明日は1日目からリスタートされます。*
`獣の足跡 X 1
呼符 X 1
1月交換券(2024) X 1
`*リリース3100日突破キャンペーン 初回ログインボーナス*
*開催期間中、初回ログインで「聖晶石×10」をプレゼント！*
`聖晶石 X 10
`_2024-01-22 19:31:30_
--------
