【登录信息】
*11994367f9d07c43c5bd7ea069fb9c1a*
`登陆天数: 97天 / 2460天
等级: 166
石头: 616
呼符: 1
体力: 309.47 / 145
友情点: 615 / 44669915`
*連続ログイン6日目
※ログインが途切れるか、7日到達すると
1日目から再開されます*
`聖晶石 X 2
1月交換券(2024) X 1
`*盈月剣風帖開幕記念 ログインボーナス*
*開催期間中、1日1回 最大21回ログインボーナスをプレゼント！*
`黄金の果実 X 1
`_2024-01-23 19:30:51_
--------
*5147f543e54e14ce1d91f479d6a8c4fa*
`登陆天数: 15天 / 522天
等级: 129
石头: 1483
呼符: 2
体力: 18153.81 / 138
友情点: 0 / 310640`
*連続ログイン1日目
※ログインが途切れるか、7日到達すると
1日目から再開されます*
`フレンドポイント X 2000
1月交換券(2024) X 1
`*盈月剣風帖開幕記念 ログインボーナス*
*開催期間中、1日1回 最大21回ログインボーナスをプレゼント！*
`白銀の果実 X 1
`_2024-01-23 19:31:00_
--------
*4eff0335928a2d0e92f38ea9bb56d72b*
`登陆天数: 15天 / 1058天
等级: 125
石头: 160
呼符: 0
体力: 27416.336666666666 / 137
友情点: 0 / 874635`
*連続ログイン1日目
※ログインが途切れるか、7日到達すると
1日目から再開されます*
`フレンドポイント X 2000
1月交換券(2024) X 1
`*盈月剣風帖開幕記念 ログインボーナス*
*開催期間中、1日1回 最大21回ログインボーナスをプレゼント！*
`白銀の果実 X 1
`_2024-01-23 19:31:09_
--------
