【登录信息】
*11994367f9d07c43c5bd7ea069fb9c1a*
`登陆天数: 99天 / 2462天
等级: 166
石头: 622
呼符: 3
体力: 18.39333333333333 / 145
友情点: 260 / 44547435`
_2024-01-25 19:31:11_
--------
*5147f543e54e14ce1d91f479d6a8c4fa*
`登陆天数: 17天 / 524天
等级: 129
石头: 1483
呼符: 2
体力: 18729.876666666667 / 138
友情点: 0 / 310640`
*連続ログイン3日目
※ログインが途切れるか、7日到達すると
1日目から再開されます*
`叡智の業火 X 1
1月交換券(2024) X 1
`*盈月剣風帖開幕記念 ログインボーナス*
*開催期間中、1日1回 最大21回ログインボーナスをプレゼント！*
`白銀の果実 X 1
`_2024-01-25 19:31:20_
--------
*4eff0335928a2d0e92f38ea9bb56d72b*
`登陆天数: 17天 / 1060天
等级: 125
石头: 160
呼符: 0
体力: 27992.4 / 137
友情点: 0 / 874635`
*連続ログイン3日目
※ログインが途切れるか、7日到達すると
1日目から再開されます*
`叡智の業火 X 1
1月交換券(2024) X 1
`*盈月剣風帖開幕記念 ログインボーナス*
*開催期間中、1日1回 最大21回ログインボーナスをプレゼント！*
`白銀の果実 X 1
`_2024-01-25 19:31:28_
--------
