【登录信息】
*11994367f9d07c43c5bd7ea069fb9c1a*
`登陆天数: 100天 / 2463天
等级: 166
石头: 630
呼符: 4
体力: 10.25666666666666 / 145
友情点: 160 / 44553700`
_2024-01-26 19:31:06_
--------
*5147f543e54e14ce1d91f479d6a8c4fa*
`登陆天数: 18天 / 525天
等级: 129
石头: 1483
呼符: 2
体力: 19017.856666666667 / 138
友情点: 0 / 310640`
*連続ログイン4日目
※ログインが途切れるか、7日到達すると
1日目から再開されます*
`聖晶石 X 1
1月交換券(2024) X 1
`*盈月剣風帖開幕記念 ログインボーナス*
*開催期間中、1日1回 最大21回ログインボーナスをプレゼント！*
`白銀の果実 X 1
`_2024-01-26 19:31:15_
--------
*4eff0335928a2d0e92f38ea9bb56d72b*
`登陆天数: 18天 / 1061天
等级: 125
石头: 160
呼符: 0
体力: 28280.383333333335 / 137
友情点: 0 / 874635`
*連続ログイン4日目
※ログインが途切れるか、7日到達すると
1日目から再開されます*
`聖晶石 X 1
1月交換券(2024) X 1
`*盈月剣風帖開幕記念 ログインボーナス*
*開催期間中、1日1回 最大21回ログインボーナスをプレゼント！*
`白銀の果実 X 1
`_2024-01-26 19:31:23_
--------
