【登录信息】
*11994367f9d07c43c5bd7ea069fb9c1a*
`登陆天数: 102天 / 2465天
等级: 166
石头: 633
呼符: 4
体力: 77.38 / 145
友情点: 0 / 44559810`
*連続ログイン4日目
※ログインが途切れるか、7日到達すると
1日目から再開されます*
`聖晶石 X 1
1月交換券(2024) X 1
`*盈月剣風帖開幕記念 ログインボーナス*
*開催期間中、1日1回 最大21回ログインボーナスをプレゼント！*
`白銀の果実 X 1
`_2024-01-28 19:30:57_
--------
*5147f543e54e14ce1d91f479d6a8c4fa*
`登陆天数: 20天 / 527天
等级: 129
石头: 1483
呼符: 2
体力: 19593.833333333332 / 138
友情点: 0 / 310640`
*連続ログイン6日目
※ログインが途切れるか、7日到達すると
1日目から再開されます*
`聖晶石 X 2
1月交換券(2024) X 1
`*盈月剣風帖開幕記念 ログインボーナス*
*開催期間中、1日1回 最大21回ログインボーナスをプレゼント！*
`白銀の果実 X 1
`_2024-01-28 19:31:07_
--------
*4eff0335928a2d0e92f38ea9bb56d72b*
`登陆天数: 20天 / 1063天
等级: 125
石头: 160
呼符: 0
体力: 28856.36 / 137
友情点: 0 / 874635`
*連続ログイン6日目
※ログインが途切れるか、7日到達すると
1日目から再開されます*
`聖晶石 X 2
1月交換券(2024) X 1
`*盈月剣風帖開幕記念 ログインボーナス*
*開催期間中、1日1回 最大21回ログインボーナスをプレゼント！*
`白銀の果実 X 1
`_2024-01-28 19:31:16_
--------
