【登录信息】
*11994367f9d07c43c5bd7ea069fb9c1a*
`登陆天数: 104天 / 2467天
等级: 166
石头: 634
呼符: 4
体力: 82.16333333333333 / 145
友情点: 375 / 44563685`
*連続ログイン6日目
※ログインが途切れるか、7日到達すると
1日目から再開されます*
`聖晶石 X 2
1月交換券(2024) X 1
`*「Fate/stay night」20周年記念特別ログインボーナス*
*開催期間中、1日1回 最大7回ログインボーナスをプレゼント！*
`叡智の猛火 X 20
`_2024-01-30 19:31:25_
--------
*5147f543e54e14ce1d91f479d6a8c4fa*
`登陆天数: 22天 / 529天
等级: 129
石头: 1483
呼符: 2
体力: 20169.923333333332 / 138
友情点: 0 / 310640`
*連続ログイン1日目
※ログインが途切れるか、7日到達すると
1日目から再開されます*
`フレンドポイント X 2000
1月交換券(2024) X 1
`*「Fate/stay night」20周年記念
「Fate/stay night」サーヴァント特別召喚アイテムプレゼント*
*開催期間中、初回ログインで「Fate/stay night 20th記念特別交換チケット」をプレゼント！*
`Fate/stay night 20th記念特別交換チケット X 1
`_2024-01-30 19:31:34_
--------
*4eff0335928a2d0e92f38ea9bb56d72b*
`登陆天数: 22天 / 1065天
等级: 125
石头: 160
呼符: 0
体力: 29432.446666666667 / 137
友情点: 0 / 874635`
*連続ログイン1日目
※ログインが途切れるか、7日到達すると
1日目から再開されます*
`フレンドポイント X 2000
1月交換券(2024) X 1
`*「Fate/stay night」20周年記念
「Fate/stay night」サーヴァント特別召喚アイテムプレゼント*
*開催期間中、初回ログインで「Fate/stay night 20th記念特別交換チケット」をプレゼント！*
`Fate/stay night 20th記念特別交換チケット X 1
`_2024-01-30 19:31:42_
--------
