【登录信息】
*11994367f9d07c43c5bd7ea069fb9c1a*
`登陆天数: 105天 / 2468天
等级: 166
石头: 636
呼符: 4
体力: 50.41666666666667 / 145
友情点: 225 / 44564235`
*連続ログイン7日間到達おめでとうございます！
明日は1日目からリスタートされます。*
`獣の足跡 X 1
呼符 X 1
2月交換券(2024) X 1
`*「Fate/stay night」20周年記念
7万リポスト達成プレゼント*
*開催期間中、初回ログインで「聖晶石×20」をプレゼント！*
`聖晶石 X 20
`_2024-01-31 19:31:05_
--------
*5147f543e54e14ce1d91f479d6a8c4fa*
`登陆天数: 23天 / 530天
等级: 129
石头: 1483
呼符: 2
体力: 20457.86 / 138
友情点: 0 / 310640`
*連続ログイン2日目
※ログインが途切れるか、7日到達すると
1日目から再開されます*
`聖晶石 X 1
2月交換券(2024) X 1
`*「Fate/stay night」20周年記念
7万リポスト達成プレゼント*
*開催期間中、初回ログインで「聖晶石×20」をプレゼント！*
`聖晶石 X 20
`_2024-01-31 19:31:15_
--------
*4eff0335928a2d0e92f38ea9bb56d72b*
`登陆天数: 23天 / 1066天
等级: 125
石头: 160
呼符: 0
体力: 29720.386666666665 / 137
友情点: 0 / 874635`
*連続ログイン2日目
※ログインが途切れるか、7日到達すると
1日目から再開されます*
`聖晶石 X 1
2月交換券(2024) X 1
`*「Fate/stay night」20周年記念
7万リポスト達成プレゼント*
*開催期間中、初回ログインで「聖晶石×20」をプレゼント！*
`聖晶石 X 20
`_2024-01-31 19:31:24_
--------
