【登录信息】
*11994367f9d07c43c5bd7ea069fb9c1a*
`登陆天数: 106天 / 2469天
等级: 166
石头: 668
呼符: 5
体力: 57.976666666666674 / 145
友情点: 60 / 44471340`
*連続ログイン1日目
※ログインが途切れるか、7日到達すると
1日目から再開されます*
`フレンドポイント X 2000
2月交換券(2024) X 1
`*日替りログインボーナス*
*開催期間中、1日1回 2週間日替りでログインボーナスをプレゼント！*
`聖晶石 X 1
巡霊の葉 X 50
`_2024-02-01 19:30:55_
--------
*5147f543e54e14ce1d91f479d6a8c4fa*
`登陆天数: 24天 / 531天
等级: 129
石头: 1104
呼符: 13
体力: 20745.833333333332 / 138
友情点: 0 / 326640`
*連続ログイン3日目
※ログインが途切れるか、7日到達すると
1日目から再開されます*
`叡智の業火 X 1
2月交換券(2024) X 1
`*日替りログインボーナス*
*開催期間中、1日1回 2週間日替りでログインボーナスをプレゼント！*
`聖晶石 X 1
巡霊の葉 X 50
`_2024-02-01 19:31:07_
--------
*4eff0335928a2d0e92f38ea9bb56d72b*
`登陆天数: 24天 / 1067天
等级: 125
石头: 160
呼符: 0
体力: 30008.36 / 137
友情点: 0 / 874635`
*連続ログイン3日目
※ログインが途切れるか、7日到達すると
1日目から再開されます*
`叡智の業火 X 1
2月交換券(2024) X 1
`*日替りログインボーナス*
*開催期間中、1日1回 2週間日替りでログインボーナスをプレゼント！*
`聖晶石 X 1
巡霊の葉 X 50
`_2024-02-01 19:31:16_
--------
