【登录信息】
*11994367f9d07c43c5bd7ea069fb9c1a*
`登陆天数: 109天 / 2472天
等级: 167
石头: 690
呼符: 5
体力: 102.27333333333334 / 146
友情点: 450 / 44476325`
*連続ログイン4日目
※ログインが途切れるか、7日到達すると
1日目から再開されます*
`聖晶石 X 1
2月交換券(2024) X 1
`*日替りログインボーナス*
*開催期間中、1日1回 2週間日替りでログインボーナスをプレゼント！*
`聖晶石 X 1
巡霊の葉 X 80
`_2024-02-04 19:31:04_
--------
*5147f543e54e14ce1d91f479d6a8c4fa*
`登陆天数: 27天 / 534天
等级: 129
石头: 1104
呼符: 13
体力: 21609.86 / 138
友情点: 0 / 326640`
*連続ログイン6日目
※ログインが途切れるか、7日到達すると
1日目から再開されます*
`聖晶石 X 2
2月交換券(2024) X 1
`*日替りログインボーナス*
*開催期間中、1日1回 2週間日替りでログインボーナスをプレゼント！*
`聖晶石 X 1
巡霊の葉 X 80
`_2024-02-04 19:31:15_
--------
*4eff0335928a2d0e92f38ea9bb56d72b*
`登陆天数: 27天 / 1070天
等级: 125
石头: 160
呼符: 0
体力: 30872.383333333335 / 137
友情点: 0 / 874635`
*連続ログイン6日目
※ログインが途切れるか、7日到達すると
1日目から再開されます*
`聖晶石 X 2
2月交換券(2024) X 1
`*日替りログインボーナス*
*開催期間中、1日1回 2週間日替りでログインボーナスをプレゼント！*
`聖晶石 X 1
巡霊の葉 X 80
`_2024-02-04 19:31:23_
--------
