【登录信息】
*11994367f9d07c43c5bd7ea069fb9c1a*
`登陆天数: 110天 / 2473天
等级: 167
石头: 713
呼符: 5
体力: 38.74333333333334 / 146
友情点: 380 / 44477370`
*連続ログイン5日目
※ログインが途切れるか、7日到達すると
1日目から再開されます*
`叡智の業火 X 2
2月交換券(2024) X 1
`*日替りログインボーナス*
*開催期間中、1日1回 2週間日替りでログインボーナスをプレゼント！*
`巡霊の葉 X 30
`_2024-02-05 19:30:57_
--------
*5147f543e54e14ce1d91f479d6a8c4fa*
`登陆天数: 28天 / 535天
等级: 129
石头: 1104
呼符: 13
体力: 21897.83 / 138
友情点: 0 / 326640`
*連続ログイン7日間到達おめでとうございます！
明日は1日目からリスタートされます。*
`獣の足跡 X 1
呼符 X 1
2月交換券(2024) X 1
`*「Fate/stay night」20周年記念特別ログインボーナス*
*開催期間中、1日1回 最大7回ログインボーナスをプレゼント！*
`聖晶石 X 20
`_2024-02-05 19:31:06_
--------
*4eff0335928a2d0e92f38ea9bb56d72b*
`登陆天数: 28天 / 1071天
等级: 125
石头: 160
呼符: 0
体力: 31160.353333333333 / 137
友情点: 0 / 874635`
*連続ログイン7日間到達おめでとうございます！
明日は1日目からリスタートされます。*
`獣の足跡 X 1
呼符 X 1
2月交換券(2024) X 1
`*「Fate/stay night」20周年記念特別ログインボーナス*
*開催期間中、1日1回 最大7回ログインボーナスをプレゼント！*
`聖晶石 X 20
`_2024-02-05 19:31:14_
--------
