【登录信息】
*11994367f9d07c43c5bd7ea069fb9c1a*
`登陆天数: 111天 / 2474天
等级: 167
石头: 713
呼符: 5
体力: 59.44 / 146
友情点: 350 / 44478020`
*連続ログイン6日目
※ログインが途切れるか、7日到達すると
1日目から再開されます*
`聖晶石 X 2
2月交換券(2024) X 1
`*日替りログインボーナス*
*開催期間中、1日1回 2週間日替りでログインボーナスをプレゼント！*
`巡霊の葉 X 30
`_2024-02-06 19:31:10_
--------
*5147f543e54e14ce1d91f479d6a8c4fa*
`登陆天数: 29天 / 536天
等级: 129
石头: 1104
呼符: 13
体力: 22185.873333333333 / 138
友情点: 0 / 326640`
*連続ログイン1日目
※ログインが途切れるか、7日到達すると
1日目から再開されます*
`フレンドポイント X 2000
2月交換券(2024) X 1
`*盈月剣風帖開幕記念 ログインボーナス*
*開催期間中、1日1回 最大21回ログインボーナスをプレゼント！*
`白銀の果実 X 1
`_2024-02-06 19:31:19_
--------
*4eff0335928a2d0e92f38ea9bb56d72b*
`登陆天数: 29天 / 1072天
等级: 125
石头: 160
呼符: 0
体力: 31448.396666666667 / 137
友情点: 0 / 874635`
*連続ログイン1日目
※ログインが途切れるか、7日到達すると
1日目から再開されます*
`フレンドポイント X 2000
2月交換券(2024) X 1
`*盈月剣風帖開幕記念 ログインボーナス*
*開催期間中、1日1回 最大21回ログインボーナスをプレゼント！*
`白銀の果実 X 1
`_2024-02-06 19:31:27_
--------
