【登录信息】
*11994367f9d07c43c5bd7ea069fb9c1a*
`登陆天数: 112天 / 2475天
等级: 167
石头: 724
呼符: 5
体力: 347.3833333333333 / 146
友情点: 555 / 44479370`
*連続ログイン7日間到達おめでとうございます！
明日は1日目からリスタートされます。*
`獣の足跡 X 1
呼符 X 1
2月交換券(2024) X 1
`*日替りログインボーナス*
*開催期間中、1日1回 2週間日替りでログインボーナスをプレゼント！*
`聖晶石 X 3
巡霊の葉 X 50
`_2024-02-07 19:30:52_
--------
*5147f543e54e14ce1d91f479d6a8c4fa*
`登陆天数: 30天 / 537天
等级: 129
石头: 1104
呼符: 13
体力: 22473.816666666666 / 138
友情点: 0 / 326640`
*連続ログイン2日目
※ログインが途切れるか、7日到達すると
1日目から再開されます*
`聖晶石 X 1
2月交換券(2024) X 1
`*日替りログインボーナス*
*開催期間中、1日1回 2週間日替りでログインボーナスをプレゼント！*
`聖晶石 X 3
巡霊の葉 X 50
`_2024-02-07 19:31:02_
--------
*4eff0335928a2d0e92f38ea9bb56d72b*
`登陆天数: 30天 / 1073天
等级: 125
石头: 160
呼符: 0
体力: 31736.34 / 137
友情点: 0 / 874635`
*連続ログイン2日目
※ログインが途切れるか、7日到達すると
1日目から再開されます*
`聖晶石 X 1
2月交換券(2024) X 1
`*日替りログインボーナス*
*開催期間中、1日1回 2週間日替りでログインボーナスをプレゼント！*
`聖晶石 X 3
巡霊の葉 X 50
`_2024-02-07 19:31:10_
--------
