【登录信息】
*11994367f9d07c43c5bd7ea069fb9c1a*
`登陆天数: 113天 / 2476天
等级: 167
石头: 732
呼符: 6
体力: 107.46000000000001 / 146
友情点: 500 / 44483490`
_2024-02-08 19:31:00_
--------
*5147f543e54e14ce1d91f479d6a8c4fa*
`登陆天数: 31天 / 538天
等级: 129
石头: 1104
呼符: 13
体力: 22761.836666666666 / 138
友情点: 0 / 326640`
*連続ログイン3日目
※ログインが途切れるか、7日到達すると
1日目から再開されます*
`叡智の業火 X 1
2月交換券(2024) X 1
`*日替りログインボーナス*
*開催期間中、1日1回 2週間日替りでログインボーナスをプレゼント！*
`聖晶石 X 1
巡霊の葉 X 50
`_2024-02-08 19:31:08_
--------
*4eff0335928a2d0e92f38ea9bb56d72b*
`登陆天数: 31天 / 1074天
等级: 125
石头: 160
呼符: 0
体力: 32024.36 / 137
友情点: 0 / 874635`
*連続ログイン3日目
※ログインが途切れるか、7日到達すると
1日目から再開されます*
`叡智の業火 X 1
2月交換券(2024) X 1
`*日替りログインボーナス*
*開催期間中、1日1回 2週間日替りでログインボーナスをプレゼント！*
`聖晶石 X 1
巡霊の葉 X 50
`_2024-02-08 19:31:16_
--------
