【登录信息】
*11994367f9d07c43c5bd7ea069fb9c1a*
`登陆天数: 114天 / 2477天
等级: 167
石头: 736
呼符: 6
体力: 35.05 / 146
友情点: 955 / 44488085`
*連続ログイン2日目
※ログインが途切れるか、7日到達すると
1日目から再開されます*
`聖晶石 X 1
2月交換券(2024) X 1
`*日替りログインボーナス*
*開催期間中、1日1回 2週間日替りでログインボーナスをプレゼント！*
`巡霊の葉 X 30
`_2024-02-09 19:31:04_
--------
*5147f543e54e14ce1d91f479d6a8c4fa*
`登陆天数: 32天 / 539天
等级: 129
石头: 1104
呼符: 13
体力: 23049.853333333333 / 138
友情点: 0 / 326640`
*連続ログイン4日目
※ログインが途切れるか、7日到達すると
1日目から再開されます*
`聖晶石 X 1
2月交換券(2024) X 1
`*日替りログインボーナス*
*開催期間中、1日1回 2週間日替りでログインボーナスをプレゼント！*
`巡霊の葉 X 30
`_2024-02-09 19:31:13_
--------
*4eff0335928a2d0e92f38ea9bb56d72b*
`登陆天数: 32天 / 1075天
等级: 125
石头: 160
呼符: 0
体力: 32312.38 / 137
友情点: 0 / 874635`
*連続ログイン4日目
※ログインが途切れるか、7日到達すると
1日目から再開されます*
`聖晶石 X 1
2月交換券(2024) X 1
`*日替りログインボーナス*
*開催期間中、1日1回 2週間日替りでログインボーナスをプレゼント！*
`巡霊の葉 X 30
`_2024-02-09 19:31:22_
--------
