【登录信息】
*11994367f9d07c43c5bd7ea069fb9c1a*
`登陆天数: 115天 / 2478天
等级: 167
石头: 737
呼符: 6
体力: 82.92333333333333 / 146
友情点: 440 / 44490625`
*連続ログイン3日目
※ログインが途切れるか、7日到達すると
1日目から再開されます*
`叡智の業火 X 1
2月交換券(2024) X 1
`*日替りログインボーナス*
*開催期間中、1日1回 2週間日替りでログインボーナスをプレゼント！*
`巡霊の葉 X 30
`_2024-02-10 19:31:06_
--------
*5147f543e54e14ce1d91f479d6a8c4fa*
`登陆天数: 33天 / 540天
等级: 129
石头: 1104
呼符: 13
体力: 23337.86 / 138
友情点: 0 / 326640`
*連続ログイン5日目
※ログインが途切れるか、7日到達すると
1日目から再開されます*
`叡智の業火 X 2
2月交換券(2024) X 1
`*日替りログインボーナス*
*開催期間中、1日1回 2週間日替りでログインボーナスをプレゼント！*
`巡霊の葉 X 30
`_2024-02-10 19:31:15_
--------
*4eff0335928a2d0e92f38ea9bb56d72b*
`登陆天数: 33天 / 1076天
等级: 125
石头: 160
呼符: 0
体力: 32600.383333333335 / 137
友情点: 0 / 874635`
*連続ログイン5日目
※ログインが途切れるか、7日到達すると
1日目から再開されます*
`叡智の業火 X 2
2月交換券(2024) X 1
`*日替りログインボーナス*
*開催期間中、1日1回 2週間日替りでログインボーナスをプレゼント！*
`巡霊の葉 X 30
`_2024-02-10 19:31:23_
--------
