【登录信息】
*11994367f9d07c43c5bd7ea069fb9c1a*
`登陆天数: 116天 / 2479天
等级: 167
石头: 737
呼符: 6
体力: 370.97333333333336 / 146
友情点: 480 / 44491105`
*連続ログイン4日目
※ログインが途切れるか、7日到達すると
1日目から再開されます*
`聖晶石 X 1
2月交換券(2024) X 1
`*「FGO カルデア・サテライトステーション 2023-2024」新潟会場開催記念 3万リポスト達成プレゼント*
*開催期間中、初回ログインで「聖晶石×6」をプレゼント！*
`聖晶石 X 6
`_2024-02-11 19:31:20_
--------
*5147f543e54e14ce1d91f479d6a8c4fa*
`登陆天数: 34天 / 541天
等级: 129
石头: 1104
呼符: 13
体力: 23625.91 / 138
友情点: 0 / 326640`
*連続ログイン6日目
※ログインが途切れるか、7日到達すると
1日目から再開されます*
`聖晶石 X 2
2月交換券(2024) X 1
`*「FGO カルデア・サテライトステーション 2023-2024」新潟会場開催記念 3万リポスト達成プレゼント*
*開催期間中、初回ログインで「聖晶石×6」をプレゼント！*
`聖晶石 X 6
`_2024-02-11 19:31:31_
--------
*4eff0335928a2d0e92f38ea9bb56d72b*
`登陆天数: 34天 / 1077天
等级: 125
石头: 160
呼符: 0
体力: 32888.43666666667 / 137
友情点: 0 / 874635`
*連続ログイン6日目
※ログインが途切れるか、7日到達すると
1日目から再開されます*
`聖晶石 X 2
2月交換券(2024) X 1
`*「FGO カルデア・サテライトステーション 2023-2024」新潟会場開催記念 3万リポスト達成プレゼント*
*開催期間中、初回ログインで「聖晶石×6」をプレゼント！*
`聖晶石 X 6
`_2024-02-11 19:31:39_
--------
