【登录信息】
*11994367f9d07c43c5bd7ea069fb9c1a*
`登陆天数: 13天 / 2376天
等级: 164
石头: 155
呼符: 9
体力: 27.923333333333332 / 145
友情点: 490 / 44942400`
*連続ログイン6日目
※ログインが途切れるか、7日到達すると
1日目から再開されます*
`聖晶石 X 2
11月交換券(2023) X 1
`*聖杯戦線 ～白天の城、黒夜の城～開幕記念 ログインボーナス*
*開催期間中、1日1回 最大21回ログインボーナスをプレゼント！*
`黄金の果実 X 1
`_2023-10-31 19:31:14_
--------
*0f6cf25422d131e7abe5b9183ce51004*
`登陆天数: 438天 / 439天
等级: 129
石头: 2127
呼符: 0
体力: 1462.7633333333333 / 138
友情点: 0 / 390415`
*連続ログイン4日目
※ログインが途切れるか、7日到達すると
1日目から再開されます*
`聖晶石 X 1
11月交換券(2023) X 1
`*聖杯戦線 ～白天の城、黒夜の城～開幕記念 ログインボーナス*
*開催期間中、1日1回 最大21回ログインボーナスをプレゼント！*
`黄金の果実 X 1
`_2023-10-31 19:31:23_
--------
*4eff0335928a2d0e92f38ea9bb56d72b*
`登陆天数: 49天 / 975天
等级: 125
石头: 160
呼符: 0
体力: 3224.41 / 137
友情点: 0 / 874635`
*連続ログイン7日間到達おめでとうございます！
明日は1日目からリスタートされます。*
`獣の足跡 X 1
呼符 X 1
11月交換券(2023) X 1
`*聖杯戦線 ～白天の城、黒夜の城～開幕記念 ログインボーナス*
*開催期間中、1日1回 最大21回ログインボーナスをプレゼント！*
`白銀の果実 X 1
`_2023-10-31 19:31:31_
--------
