【登录信息】
*11994367f9d07c43c5bd7ea069fb9c1a*
`登陆天数: 14天 / 2377天
等级: 164
石头: 157
呼符: 14
体力: 63.92333333333333 / 145
友情点: 275 / 44953145`
*連続ログイン7日間到達おめでとうございます！
明日は1日目からリスタートされます。*
`獣の足跡 X 1
呼符 X 1
11月交換券(2023) X 1
`*聖杯戦線 ～白天の城、黒夜の城～開幕記念 ログインボーナス*
*開催期間中、1日1回 最大21回ログインボーナスをプレゼント！*
`白銀の果実 X 1
`_2023-11-01 19:31:13_
--------
*0f6cf25422d131e7abe5b9183ce51004*
`登陆天数: 439天 / 440天
等级: 129
石头: 2141
呼符: 1
体力: 1750.7633333333333 / 138
友情点: 0 / 392415`
*連続ログイン5日目
※ログインが途切れるか、7日到達すると
1日目から再開されます*
`叡智の業火 X 2
11月交換券(2023) X 1
`*聖杯戦線 ～白天の城、黒夜の城～開幕記念 ログインボーナス*
*開催期間中、1日1回 最大21回ログインボーナスをプレゼント！*
`白銀の果実 X 1
`_2023-11-01 19:31:23_
--------
*4eff0335928a2d0e92f38ea9bb56d72b*
`登陆天数: 50天 / 976天
等级: 125
石头: 160
呼符: 0
体力: 3512.4133333333334 / 137
友情点: 0 / 874635`
*連続ログイン1日目
※ログインが途切れるか、7日到達すると
1日目から再開されます*
`フレンドポイント X 2000
11月交換券(2023) X 1
`*聖杯戦線 ～白天の城、黒夜の城～開幕記念 ログインボーナス*
*開催期間中、1日1回 最大21回ログインボーナスをプレゼント！*
`黄金の果実 X 1
`_2023-11-01 19:31:32_
--------
