【登录信息】
*11994367f9d07c43c5bd7ea069fb9c1a*
`登陆天数: 15天 / 2378天
等级: 164
石头: 157
呼符: 15
体力: 191.88 / 145
友情点: 505 / 44955115`
*連続ログイン1日目
※ログインが途切れるか、7日到達すると
1日目から再開されます*
`フレンドポイント X 2000
11月交換券(2023) X 1
`*聖杯戦線 ～白天の城、黒夜の城～開幕記念 ログインボーナス*
*開催期間中、1日1回 最大21回ログインボーナスをプレゼント！*
`白銀の果実 X 1
`_2023-11-02 19:31:00_
--------
*0f6cf25422d131e7abe5b9183ce51004*
`登陆天数: 440天 / 441天
等级: 129
石头: 2141
呼符: 1
体力: 2038.72 / 138
友情点: 0 / 392415`
*連続ログイン6日目
※ログインが途切れるか、7日到達すると
1日目から再開されます*
`聖晶石 X 2
11月交換券(2023) X 1
`*聖杯戦線 ～白天の城、黒夜の城～開幕記念 ログインボーナス*
*開催期間中、1日1回 最大21回ログインボーナスをプレゼント！*
`白銀の果実 X 1
`_2023-11-02 19:31:10_
--------
*4eff0335928a2d0e92f38ea9bb56d72b*
`登陆天数: 51天 / 977天
等级: 125
石头: 160
呼符: 0
体力: 3800.366666666667 / 137
友情点: 0 / 874635`
*連続ログイン2日目
※ログインが途切れるか、7日到達すると
1日目から再開されます*
`聖晶石 X 1
11月交換券(2023) X 1
`*聖杯戦線 ～白天の城、黒夜の城～開幕記念 ログインボーナス*
*開催期間中、1日1回 最大21回ログインボーナスをプレゼント！*
`白銀の果実 X 1
`_2023-11-02 19:31:18_
--------
