【登录信息】
*11994367f9d07c43c5bd7ea069fb9c1a*
`登陆天数: 16天 / 2379天
等级: 164
石头: 157
呼符: 15
体力: 79.2 / 145
友情点: 515 / 44961800`
*連続ログイン2日目
※ログインが途切れるか、7日到達すると
1日目から再開されます*
`聖晶石 X 1
11月交換券(2023) X 1
`*聖杯戦線 ～白天の城、黒夜の城～開幕記念 ログインボーナス*
*開催期間中、1日1回 最大21回ログインボーナスをプレゼント！*
`白銀の果実 X 1
`_2023-11-03 19:31:05_
--------
*0f6cf25422d131e7abe5b9183ce51004*
`登陆天数: 441天 / 442天
等级: 129
石头: 2141
呼符: 1
体力: 2326.7366666666667 / 138
友情点: 0 / 392415`
*連続ログイン7日間到達おめでとうございます！
明日は1日目からリスタートされます。*
`獣の足跡 X 1
呼符 X 1
11月交換券(2023) X 1
`*聖杯戦線 ～白天の城、黒夜の城～開幕記念 ログインボーナス*
*開催期間中、1日1回 最大21回ログインボーナスをプレゼント！*
`白銀の果実 X 1
`_2023-11-03 19:31:15_
--------
*4eff0335928a2d0e92f38ea9bb56d72b*
`登陆天数: 52天 / 978天
等级: 125
石头: 160
呼符: 0
体力: 4088.3866666666668 / 137
友情点: 0 / 874635`
*連続ログイン3日目
※ログインが途切れるか、7日到達すると
1日目から再開されます*
`叡智の業火 X 1
11月交換券(2023) X 1
`*聖杯戦線 ～白天の城、黒夜の城～開幕記念 ログインボーナス*
*開催期間中、1日1回 最大21回ログインボーナスをプレゼント！*
`白銀の果実 X 1
`_2023-11-03 19:31:23_
--------
