【登录信息】
*11994367f9d07c43c5bd7ea069fb9c1a*
`登陆天数: 22天 / 2385天
等级: 164
石头: 164
呼符: 16
体力: 163.92000000000002 / 145
友情点: 800 / 45079045`
*連続ログイン1日目
※ログインが途切れるか、7日到達すると
1日目から再開されます*
`フレンドポイント X 2000
11月交換券(2023) X 1
`*聖杯戦線 ～白天の城、黒夜の城～開幕記念 ログインボーナス*
*開催期間中、1日1回 最大21回ログインボーナスをプレゼント！*
`白銀の果実 X 1
`_2023-11-09 19:31:04_
--------
*0f6cf25422d131e7abe5b9183ce51004*
`登陆天数: 447天 / 448天
等级: 129
石头: 2141
呼符: 1
体力: 4054.733333333333 / 138
友情点: 0 / 392415`
*連続ログイン6日目
※ログインが途切れるか、7日到達すると
1日目から再開されます*
`聖晶石 X 2
11月交換券(2023) X 1
`*聖杯戦線 ～白天の城、黒夜の城～開幕記念 ログインボーナス*
*開催期間中、1日1回 最大21回ログインボーナスをプレゼント！*
`白銀の果実 X 1
`_2023-11-09 19:31:14_
--------
*4eff0335928a2d0e92f38ea9bb56d72b*
`登陆天数: 58天 / 984天
等级: 125
石头: 160
呼符: 0
体力: 5816.383333333333 / 137
友情点: 0 / 874635`
*連続ログイン2日目
※ログインが途切れるか、7日到達すると
1日目から再開されます*
`聖晶石 X 1
11月交換券(2023) X 1
`*聖杯戦線 ～白天の城、黒夜の城～開幕記念 ログインボーナス*
*開催期間中、1日1回 最大21回ログインボーナスをプレゼント！*
`白銀の果実 X 1
`_2023-11-09 19:31:23_
--------
