【登录信息】
*11994367f9d07c43c5bd7ea069fb9c1a*
`登陆天数: 23天 / 2386天
等级: 164
石头: 164
呼符: 16
体力: 451.96 / 145
友情点: 505 / 45080310`
*連続ログイン2日目
※ログインが途切れるか、7日到達すると
1日目から再開されます*
`聖晶石 X 1
11月交換券(2023) X 1
`*聖杯戦線 ～白天の城、黒夜の城～開幕記念 ログインボーナス*
*開催期間中、1日1回 最大21回ログインボーナスをプレゼント！*
`白銀の果実 X 1
`_2023-11-10 19:31:16_
--------
*0f6cf25422d131e7abe5b9183ce51004*
`登陆天数: 448天 / 449天
等级: 129
石头: 2141
呼符: 1
体力: 4342.7733333333335 / 138
友情点: 0 / 392415`
*連続ログイン7日間到達おめでとうございます！
明日は1日目からリスタートされます。*
`獣の足跡 X 1
呼符 X 1
11月交換券(2023) X 1
`*聖杯戦線 ～白天の城、黒夜の城～開幕記念 ログインボーナス*
*開催期間中、1日1回 最大21回ログインボーナスをプレゼント！*
`白銀の果実 X 1
`_2023-11-10 19:31:26_
--------
*4eff0335928a2d0e92f38ea9bb56d72b*
`登陆天数: 59天 / 985天
等级: 125
石头: 160
呼符: 0
体力: 6104.42 / 137
友情点: 0 / 874635`
*連続ログイン3日目
※ログインが途切れるか、7日到達すると
1日目から再開されます*
`叡智の業火 X 1
11月交換券(2023) X 1
`*聖杯戦線 ～白天の城、黒夜の城～開幕記念 ログインボーナス*
*開催期間中、1日1回 最大21回ログインボーナスをプレゼント！*
`白銀の果実 X 1
`_2023-11-10 19:31:34_
--------
