【登录信息】
*11994367f9d07c43c5bd7ea069fb9c1a*
`登陆天数: 24天 / 2387天
等级: 164
石头: 165
呼符: 16
体力: 205.63333333333333 / 145
友情点: 475 / 45083855`
*連続ログイン3日目
※ログインが途切れるか、7日到達すると
1日目から再開されます*
`叡智の業火 X 1
11月交換券(2023) X 1
`*聖杯戦線 ～白天の城、黒夜の城～開幕記念 ログインボーナス*
*開催期間中、1日1回 最大21回ログインボーナスをプレゼント！*
`白銀の果実 X 1
`_2023-11-11 19:31:19_
--------
*0f6cf25422d131e7abe5b9183ce51004*
`登陆天数: 449天 / 450天
等级: 129
石头: 2141
呼符: 1
体力: 4630.783333333334 / 138
友情点: 0 / 392415`
*連続ログイン1日目
※ログインが途切れるか、7日到達すると
1日目から再開されます*
`フレンドポイント X 2000
11月交換券(2023) X 1
`*聖杯戦線 ～白天の城、黒夜の城～開幕記念 ログインボーナス*
*開催期間中、1日1回 最大21回ログインボーナスをプレゼント！*
`白銀の果実 X 1
`_2023-11-11 19:31:29_
--------
*4eff0335928a2d0e92f38ea9bb56d72b*
`登陆天数: 60天 / 986天
等级: 125
石头: 160
呼符: 0
体力: 6392.43 / 137
友情点: 0 / 874635`
*連続ログイン4日目
※ログインが途切れるか、7日到達すると
1日目から再開されます*
`聖晶石 X 1
11月交換券(2023) X 1
`*聖杯戦線 ～白天の城、黒夜の城～開幕記念 ログインボーナス*
*開催期間中、1日1回 最大21回ログインボーナスをプレゼント！*
`白銀の果実 X 1
`_2023-11-11 19:31:37_
--------
