【登录信息】
*11994367f9d07c43c5bd7ea069fb9c1a*
`登陆天数: 25天 / 2388天
等级: 164
石头: 165
呼符: 16
体力: 58.7 / 145
友情点: 575 / 45089080`
*連続ログイン4日目
※ログインが途切れるか、7日到達すると
1日目から再開されます*
`聖晶石 X 1
11月交換券(2023) X 1
`*聖杯戦線 ～白天の城、黒夜の城～開幕記念 ログインボーナス*
*開催期間中、1日1回 最大21回ログインボーナスをプレゼント！*
`白銀の果実 X 1
`_2023-11-12 19:31:11_
--------
*0f6cf25422d131e7abe5b9183ce51004*
`登陆天数: 450天 / 451天
等级: 129
石头: 2141
呼符: 1
体力: 4918.756666666667 / 138
友情点: 0 / 392415`
*連続ログイン2日目
※ログインが途切れるか、7日到達すると
1日目から再開されます*
`聖晶石 X 1
11月交換券(2023) X 1
`*聖杯戦線 ～白天の城、黒夜の城～開幕記念 ログインボーナス*
*開催期間中、1日1回 最大21回ログインボーナスをプレゼント！*
`白銀の果実 X 1
`_2023-11-12 19:31:21_
--------
*4eff0335928a2d0e92f38ea9bb56d72b*
`登陆天数: 61天 / 987天
等级: 125
石头: 160
呼符: 0
体力: 6680.406666666667 / 137
友情点: 0 / 874635`
*連続ログイン5日目
※ログインが途切れるか、7日到達すると
1日目から再開されます*
`叡智の業火 X 2
11月交換券(2023) X 1
`*聖杯戦線 ～白天の城、黒夜の城～開幕記念 ログインボーナス*
*開催期間中、1日1回 最大21回ログインボーナスをプレゼント！*
`白銀の果実 X 1
`_2023-11-12 19:31:30_
--------
