【登录信息】
*11994367f9d07c43c5bd7ea069fb9c1a*
`登陆天数: 27天 / 2390天
等级: 164
石头: 166
呼符: 16
体力: 166.57 / 145
友情点: 1785 / 45094305`
*連続ログイン6日目
※ログインが途切れるか、7日到達すると
1日目から再開されます*
`聖晶石 X 2
11月交換券(2023) X 1
`_2023-11-14 19:35:03_
--------
*0f6cf25422d131e7abe5b9183ce51004*
`登陆天数: 452天 / 453天
等级: 129
石头: 2141
呼符: 1
体力: 5495.53 / 138
友情点: 0 / 392415`
*連続ログイン4日目
※ログインが途切れるか、7日到達すると
1日目から再開されます*
`聖晶石 X 1
11月交換券(2023) X 1
`_2023-11-14 19:35:13_
--------
*4eff0335928a2d0e92f38ea9bb56d72b*
`登陆天数: 63天 / 989天
等级: 125
石头: 160
呼符: 0
体力: 7257.18 / 137
友情点: 0 / 874635`
*連続ログイン7日間到達おめでとうございます！
明日は1日目からリスタートされます。*
`獣の足跡 X 1
呼符 X 1
11月交換券(2023) X 1
`*聖杯戦線 ～白天の城、黒夜の城～開幕記念 ログインボーナス*
*開催期間中、1日1回 最大21回ログインボーナスをプレゼント！*
`白銀の果実 X 1
`_2023-11-14 19:35:22_
--------
