【登录信息】
*11994367f9d07c43c5bd7ea069fb9c1a*
`登陆天数: 28天 / 2391天
等级: 164
石头: 191
呼符: 16
体力: 20.986666666666665 / 145
友情点: 1540 / 44756620`
*連続ログイン7日間到達おめでとうございます！
明日は1日目からリスタートされます。*
`獣の足跡 X 1
呼符 X 1
11月交換券(2023) X 1
`_2023-11-15 19:31:24_
--------
*5147f543e54e14ce1d91f479d6a8c4fa*
`登陆天数: 453天 / 454天
等级: 129
石头: 1554
呼符: 0
体力: 69.81 / 138
友情点: 0 / 312640`
*連続ログイン5日目
※ログインが途切れるか、7日到達すると
1日目から再開されます*
`叡智の業火 X 2
11月交換券(2023) X 1
`_2023-11-15 19:31:34_
--------
*4eff0335928a2d0e92f38ea9bb56d72b*
`登陆天数: 64天 / 990天
等级: 125
石头: 160
呼符: 0
体力: 7544.446666666667 / 137
友情点: 0 / 874635`
*連続ログイン1日目
※ログインが途切れるか、7日到達すると
1日目から再開されます*
`フレンドポイント X 2000
11月交換券(2023) X 1
`_2023-11-15 19:31:42_
--------
