【登录信息】
*11994367f9d07c43c5bd7ea069fb9c1a*
`登陆天数: 29天 / 2392天
等级: 164
石头: 191
呼符: 16
体力: 308.8933333333333 / 145
友情点: 985 / 44757825`
*連続ログイン1日目
※ログインが途切れるか、7日到達すると
1日目から再開されます*
`フレンドポイント X 2000
11月交換券(2023) X 1
`_2023-11-16 19:30:56_
--------
*5147f543e54e14ce1d91f479d6a8c4fa*
`登陆天数: 454天 / 455天
等级: 129
石头: 1554
呼符: 0
体力: 357.7166666666667 / 138
友情点: 0 / 312640`
*連続ログイン6日目
※ログインが途切れるか、7日到達すると
1日目から再開されます*
`聖晶石 X 2
11月交換券(2023) X 1
`_2023-11-16 19:31:05_
--------
*4eff0335928a2d0e92f38ea9bb56d72b*
`登陆天数: 65天 / 991天
等级: 125
石头: 160
呼符: 0
体力: 7832.35 / 137
友情点: 0 / 874635`
*連続ログイン2日目
※ログインが途切れるか、7日到達すると
1日目から再開されます*
`聖晶石 X 1
11月交換券(2023) X 1
`_2023-11-16 19:31:13_
--------
