【登录信息】
*11994367f9d07c43c5bd7ea069fb9c1a*
`登陆天数: 30天 / 2393天
等级: 164
石头: 191
呼符: 22
体力: 83.07 / 145
友情点: 385 / 44761255`
*連続ログイン2日目
※ログインが途切れるか、7日到達すると
1日目から再開されます*
`聖晶石 X 1
11月交換券(2023) X 1
`*2900万DL突破記念 特別回数ログインボーナス*
*開催期間中、1日1回 最大10回 回数ログインボーナスをプレゼント！*
`白銀の果実 X 10
`_2023-11-17 19:31:10_
--------
*5147f543e54e14ce1d91f479d6a8c4fa*
`登陆天数: 455天 / 456天
等级: 129
石头: 1554
呼符: 0
体力: 645.7666666666667 / 138
友情点: 0 / 312640`
*連続ログイン7日間到達おめでとうございます！
明日は1日目からリスタートされます。*
`獣の足跡 X 1
呼符 X 1
11月交換券(2023) X 1
`*2900万DL突破記念 特別回数ログインボーナス*
*開催期間中、1日1回 最大10回 回数ログインボーナスをプレゼント！*
`白銀の果実 X 10
`_2023-11-17 19:31:20_
--------
*4eff0335928a2d0e92f38ea9bb56d72b*
`登陆天数: 66天 / 992天
等级: 125
石头: 160
呼符: 0
体力: 8120.4 / 137
友情点: 0 / 874635`
*連続ログイン3日目
※ログインが途切れるか、7日到達すると
1日目から再開されます*
`叡智の業火 X 1
11月交換券(2023) X 1
`*2900万DL突破記念 特別回数ログインボーナス*
*開催期間中、1日1回 最大10回 回数ログインボーナスをプレゼント！*
`白銀の果実 X 10
`_2023-11-17 19:31:28_
--------
