【登录信息】
*11994367f9d07c43c5bd7ea069fb9c1a*
`登陆天数: 31天 / 2394天
等级: 164
石头: 203
呼符: 22
体力: 116.23 / 145
友情点: 795 / 44765175`
*連続ログイン3日目
※ログインが途切れるか、7日到達すると
1日目から再開されます*
`叡智の業火 X 1
11月交換券(2023) X 1
`*2900万DL突破記念 特別回数ログインボーナス*
*開催期間中、1日1回 最大10回 回数ログインボーナスをプレゼント！*
`マナプリズム X 100
黄金の果実 X 10
`_2023-11-18 19:31:13_
--------
*5147f543e54e14ce1d91f479d6a8c4fa*
`登陆天数: 456天 / 457天
等级: 129
石头: 1554
呼符: 0
体力: 933.7766666666666 / 138
友情点: 0 / 312640`
*連続ログイン1日目
※ログインが途切れるか、7日到達すると
1日目から再開されます*
`フレンドポイント X 2000
11月交換券(2023) X 1
`*2900万DL突破記念 特別回数ログインボーナス*
*開催期間中、1日1回 最大10回 回数ログインボーナスをプレゼント！*
`マナプリズム X 100
黄金の果実 X 10
`_2023-11-18 19:31:23_
--------
*4eff0335928a2d0e92f38ea9bb56d72b*
`登陆天数: 67天 / 993天
等级: 125
石头: 160
呼符: 0
体力: 8408.41 / 137
友情点: 0 / 874635`
*連続ログイン4日目
※ログインが途切れるか、7日到達すると
1日目から再開されます*
`聖晶石 X 1
11月交換券(2023) X 1
`*2900万DL突破記念 特別回数ログインボーナス*
*開催期間中、1日1回 最大10回 回数ログインボーナスをプレゼント！*
`マナプリズム X 100
黄金の果実 X 10
`_2023-11-18 19:31:31_
--------
