【登录信息】
*11994367f9d07c43c5bd7ea069fb9c1a*
`登陆天数: 33天 / 2396天
等级: 164
石头: 204
呼符: 22
体力: 48.900000000000006 / 145
友情点: 670 / 44762295`
*連続ログイン5日目
※ログインが途切れるか、7日到達すると
1日目から再開されます*
`叡智の業火 X 2
11月交換券(2023) X 1
`*2900万DL突破記念 特別回数ログインボーナス*
*開催期間中、1日1回 最大10回 回数ログインボーナスをプレゼント！*
`叡智の業火 X 10
`_2023-11-20 19:31:18_
--------
*5147f543e54e14ce1d91f479d6a8c4fa*
`登陆天数: 458天 / 459天
等级: 129
石头: 1554
呼符: 0
体力: 1509.8 / 138
友情点: 0 / 312640`
*連続ログイン3日目
※ログインが途切れるか、7日到達すると
1日目から再開されます*
`叡智の業火 X 1
11月交換券(2023) X 1
`*2900万DL突破記念 特別回数ログインボーナス*
*開催期間中、1日1回 最大10回 回数ログインボーナスをプレゼント！*
`叡智の業火 X 10
`_2023-11-20 19:31:30_
--------
*4eff0335928a2d0e92f38ea9bb56d72b*
`登陆天数: 69天 / 995天
等级: 125
石头: 160
呼符: 0
体力: 8984.436666666666 / 137
友情点: 0 / 874635`
*連続ログイン6日目
※ログインが途切れるか、7日到達すると
1日目から再開されます*
`聖晶石 X 2
11月交換券(2023) X 1
`*2900万DL突破記念 特別回数ログインボーナス*
*開催期間中、1日1回 最大10回 回数ログインボーナスをプレゼント！*
`叡智の業火 X 10
`_2023-11-20 19:31:38_
--------
