【登录信息】
*11994367f9d07c43c5bd7ea069fb9c1a*
`登陆天数: 34天 / 2397天
等级: 164
石头: 204
呼符: 22
体力: 27.069999999999993 / 145
友情点: 580 / 44765555`
*連続ログイン6日目
※ログインが途切れるか、7日到達すると
1日目から再開されます*
`聖晶石 X 2
11月交換券(2023) X 1
`*2900万DL突破記念 特別回数ログインボーナス*
*開催期間中、1日1回 最大10回 回数ログインボーナスをプレゼント！*
`英霊結晶・星のフォウくん X 10
英霊結晶・太陽のフォウくん X 10
`_2023-11-21 19:31:07_
--------
*5147f543e54e14ce1d91f479d6a8c4fa*
`登陆天数: 459天 / 460天
等级: 129
石头: 1554
呼符: 0
体力: 1797.7566666666667 / 138
友情点: 0 / 312640`
*連続ログイン4日目
※ログインが途切れるか、7日到達すると
1日目から再開されます*
`聖晶石 X 1
11月交換券(2023) X 1
`*2900万DL突破記念 特別回数ログインボーナス*
*開催期間中、1日1回 最大10回 回数ログインボーナスをプレゼント！*
`英霊結晶・星のフォウくん X 10
英霊結晶・太陽のフォウくん X 10
`_2023-11-21 19:31:17_
--------
*4eff0335928a2d0e92f38ea9bb56d72b*
`登陆天数: 70天 / 996天
等级: 125
石头: 160
呼符: 0
体力: 9272.393333333333 / 137
友情点: 0 / 874635`
*連続ログイン7日間到達おめでとうございます！
明日は1日目からリスタートされます。*
`獣の足跡 X 1
呼符 X 1
11月交換券(2023) X 1
`*2900万DL突破記念 特別回数ログインボーナス*
*開催期間中、1日1回 最大10回 回数ログインボーナスをプレゼント！*
`英霊結晶・星のフォウくん X 10
英霊結晶・太陽のフォウくん X 10
`_2023-11-21 19:31:26_
--------
