【登录信息】
*11994367f9d07c43c5bd7ea069fb9c1a*
`登陆天数: 35天 / 2398天
等级: 164
石头: 206
呼符: 22
体力: 255.07333333333332 / 145
友情点: 785 / 44769720`
*連続ログイン7日間到達おめでとうございます！
明日は1日目からリスタートされます。*
`獣の足跡 X 1
呼符 X 1
11月交換券(2023) X 1
`*日替りログインボーナス*
*開催期間中、1日1回 2週間日替りでログインボーナスをプレゼント！*
`巡霊の葉 X 30
`_2023-11-22 19:31:08_
--------
*5147f543e54e14ce1d91f479d6a8c4fa*
`登陆天数: 460天 / 461天
等级: 129
石头: 1413
呼符: 0
体力: 297.87 / 138
友情点: 0 / 314640`
*連続ログイン5日目
※ログインが途切れるか、7日到達すると
1日目から再開されます*
`叡智の業火 X 2
11月交換券(2023) X 1
`*日替りログインボーナス*
*開催期間中、1日1回 2週間日替りでログインボーナスをプレゼント！*
`巡霊の葉 X 30
`_2023-11-22 19:31:18_
--------
*4eff0335928a2d0e92f38ea9bb56d72b*
`登陆天数: 71天 / 997天
等级: 125
石头: 160
呼符: 0
体力: 9560.393333333333 / 137
友情点: 0 / 874635`
*連続ログイン1日目
※ログインが途切れるか、7日到達すると
1日目から再開されます*
`フレンドポイント X 2000
11月交換券(2023) X 1
`*日替りログインボーナス*
*開催期間中、1日1回 2週間日替りでログインボーナスをプレゼント！*
`巡霊の葉 X 30
`_2023-11-22 19:31:26_
--------
