【登录信息】
*11994367f9d07c43c5bd7ea069fb9c1a*
`登陆天数: 36天 / 2399天
等级: 164
石头: 220
呼符: 23
体力: 46.406666666666666 / 145
友情点: 585 / 44773135`
*連続ログイン1日目
※ログインが途切れるか、7日到達すると
1日目から再開されます*
`フレンドポイント X 2000
11月交換券(2023) X 1
`*日替りログインボーナス*
*開催期間中、1日1回 2週間日替りでログインボーナスをプレゼント！*
`巡霊の葉 X 30
`_2023-11-23 19:31:25_
--------
*5147f543e54e14ce1d91f479d6a8c4fa*
`登陆天数: 461天 / 462天
等级: 129
石头: 1413
呼符: 0
体力: 585.9266666666667 / 138
友情点: 0 / 314640`
*連続ログイン6日目
※ログインが途切れるか、7日到達すると
1日目から再開されます*
`聖晶石 X 2
11月交換券(2023) X 1
`*日替りログインボーナス*
*開催期間中、1日1回 2週間日替りでログインボーナスをプレゼント！*
`巡霊の葉 X 30
`_2023-11-23 19:31:35_
--------
*4eff0335928a2d0e92f38ea9bb56d72b*
`登陆天数: 72天 / 998天
等级: 125
石头: 160
呼符: 0
体力: 9848.45 / 137
友情点: 0 / 874635`
*連続ログイン2日目
※ログインが途切れるか、7日到達すると
1日目から再開されます*
`聖晶石 X 1
11月交換券(2023) X 1
`*日替りログインボーナス*
*開催期間中、1日1回 2週間日替りでログインボーナスをプレゼント！*
`巡霊の葉 X 30
`_2023-11-23 19:31:43_
--------
