【登录信息】
*11994367f9d07c43c5bd7ea069fb9c1a*
`登陆天数: 37天 / 2400天
等级: 164
石头: 220
呼符: 23
体力: 294.33333333333337 / 145
友情点: 505 / 44776765`
*連続ログイン2日目
※ログインが途切れるか、7日到達すると
1日目から再開されます*
`聖晶石 X 1
11月交換券(2023) X 1
`*日替りログインボーナス*
*開催期間中、1日1回 2週間日替りでログインボーナスをプレゼント！*
`聖晶石 X 2
巡霊の葉 X 100
`_2023-11-24 19:31:02_
--------
*5147f543e54e14ce1d91f479d6a8c4fa*
`登陆天数: 462天 / 463天
等级: 129
石头: 1413
呼符: 0
体力: 873.85 / 138
友情点: 0 / 314640`
*連続ログイン7日間到達おめでとうございます！
明日は1日目からリスタートされます。*
`獣の足跡 X 1
呼符 X 1
11月交換券(2023) X 1
`*日替りログインボーナス*
*開催期間中、1日1回 2週間日替りでログインボーナスをプレゼント！*
`聖晶石 X 2
巡霊の葉 X 100
`_2023-11-24 19:31:12_
--------
*4eff0335928a2d0e92f38ea9bb56d72b*
`登陆天数: 73天 / 999天
等级: 125
石头: 160
呼符: 0
体力: 10136.376666666667 / 137
友情点: 0 / 874635`
*連続ログイン3日目
※ログインが途切れるか、7日到達すると
1日目から再開されます*
`叡智の業火 X 1
11月交換券(2023) X 1
`*日替りログインボーナス*
*開催期間中、1日1回 2週間日替りでログインボーナスをプレゼント！*
`聖晶石 X 2
巡霊の葉 X 100
`_2023-11-24 19:31:20_
--------
