【登录信息】
*11994367f9d07c43c5bd7ea069fb9c1a*
`登陆天数: 40天 / 2403天
等级: 164
石头: 253
呼符: 23
体力: 328.4133333333333 / 145
友情点: 420 / 44780810`
*連続ログイン5日目
※ログインが途切れるか、7日到達すると
1日目から再開されます*
`叡智の業火 X 2
11月交換券(2023) X 1
`*日替りログインボーナス*
*開催期間中、1日1回 2週間日替りでログインボーナスをプレゼント！*
`巡霊の葉 X 30
`_2023-11-27 19:30:52_
--------
*5147f543e54e14ce1d91f479d6a8c4fa*
`登陆天数: 465天 / 466天
等级: 129
石头: 1413
呼符: 0
体力: 1737.8166666666666 / 138
友情点: 0 / 314640`
*連続ログイン3日目
※ログインが途切れるか、7日到達すると
1日目から再開されます*
`叡智の業火 X 1
11月交換券(2023) X 1
`*日替りログインボーナス*
*開催期間中、1日1回 2週間日替りでログインボーナスをプレゼント！*
`巡霊の葉 X 30
`_2023-11-27 19:31:02_
--------
*4eff0335928a2d0e92f38ea9bb56d72b*
`登陆天数: 76天 / 1002天
等级: 125
石头: 160
呼符: 0
体力: 11000.34 / 137
友情点: 0 / 874635`
*連続ログイン6日目
※ログインが途切れるか、7日到達すると
1日目から再開されます*
`聖晶石 X 2
11月交換券(2023) X 1
`*日替りログインボーナス*
*開催期間中、1日1回 2週間日替りでログインボーナスをプレゼント！*
`巡霊の葉 X 30
`_2023-11-27 19:31:10_
--------
