【登录信息】
*11994367f9d07c43c5bd7ea069fb9c1a*
`登陆天数: 41天 / 2404天
等级: 164
石头: 284
呼符: 23
体力: 36.68666666666667 / 145
友情点: 305 / 44542755`
*連続ログイン6日目
※ログインが途切れるか、7日到達すると
1日目から再開されます*
`聖晶石 X 2
11月交換券(2023) X 1
`*日替りログインボーナス*
*開催期間中、1日1回 2週間日替りでログインボーナスをプレゼント！*
`聖晶石 X 3
巡霊の葉 X 50
`_2023-11-28 19:31:11_
--------
*5147f543e54e14ce1d91f479d6a8c4fa*
`登陆天数: 466天 / 467天
等级: 129
石头: 1413
呼符: 0
体力: 2025.8733333333332 / 138
友情点: 0 / 314640`
*連続ログイン4日目
※ログインが途切れるか、7日到達すると
1日目から再開されます*
`聖晶石 X 1
11月交換券(2023) X 1
`*日替りログインボーナス*
*開催期間中、1日1回 2週間日替りでログインボーナスをプレゼント！*
`聖晶石 X 3
巡霊の葉 X 50
`_2023-11-28 19:31:19_
--------
*4eff0335928a2d0e92f38ea9bb56d72b*
`登陆天数: 77天 / 1003天
等级: 125
石头: 160
呼符: 0
体力: 11288.396666666667 / 137
友情点: 0 / 874635`
*連続ログイン7日間到達おめでとうございます！
明日は1日目からリスタートされます。*
`獣の足跡 X 1
呼符 X 1
11月交換券(2023) X 1
`*日替りログインボーナス*
*開催期間中、1日1回 2週間日替りでログインボーナスをプレゼント！*
`聖晶石 X 3
巡霊の葉 X 50
`_2023-11-28 19:31:27_
--------
