【登录信息】
*11994367f9d07c43c5bd7ea069fb9c1a*
`登陆天数: 42天 / 2405天
等级: 164
石头: 296
呼符: 16
体力: 80.17333333333333 / 145
友情点: 290 / 44482335`
*連続ログイン7日間到達おめでとうございます！
明日は1日目からリスタートされます。*
`獣の足跡 X 1
呼符 X 1
11月交換券(2023) X 1
`*日替りログインボーナス*
*開催期間中、1日1回 2週間日替りでログインボーナスをプレゼント！*
`巡霊の葉 X 30
`_2023-11-29 19:30:55_
--------
*5147f543e54e14ce1d91f479d6a8c4fa*
`登陆天数: 467天 / 468天
等级: 129
石头: 1413
呼符: 0
体力: 2313.8233333333333 / 138
友情点: 0 / 314640`
*連続ログイン5日目
※ログインが途切れるか、7日到達すると
1日目から再開されます*
`叡智の業火 X 2
11月交換券(2023) X 1
`*日替りログインボーナス*
*開催期間中、1日1回 2週間日替りでログインボーナスをプレゼント！*
`巡霊の葉 X 30
`_2023-11-29 19:31:05_
--------
*4eff0335928a2d0e92f38ea9bb56d72b*
`登陆天数: 78天 / 1004天
等级: 125
石头: 160
呼符: 0
体力: 11576.35 / 137
友情点: 0 / 874635`
*連続ログイン1日目
※ログインが途切れるか、7日到達すると
1日目から再開されます*
`フレンドポイント X 2000
11月交換券(2023) X 1
`*日替りログインボーナス*
*開催期間中、1日1回 2週間日替りでログインボーナスをプレゼント！*
`巡霊の葉 X 30
`_2023-11-29 19:31:13_
--------
