【登录信息】
*11994367f9d07c43c5bd7ea069fb9c1a*
`登陆天数: 43天 / 2406天
等级: 164
石头: 317
呼符: 23
体力: 58.209999999999994 / 145
友情点: 445 / 44360315`
*連続ログイン1日目
※ログインが途切れるか、7日到達すると
1日目から再開されます*
`フレンドポイント X 2000
12月交換券(2023) X 1
`*日替りログインボーナス*
*開催期間中、1日1回 2週間日替りでログインボーナスをプレゼント！*
`巡霊の葉 X 30
`_2023-11-30 19:31:04_
--------
*5147f543e54e14ce1d91f479d6a8c4fa*
`登陆天数: 468天 / 469天
等级: 129
石头: 1413
呼符: 0
体力: 2601.8533333333335 / 138
友情点: 0 / 314640`
*連続ログイン6日目
※ログインが途切れるか、7日到達すると
1日目から再開されます*
`聖晶石 X 2
12月交換券(2023) X 1
`*日替りログインボーナス*
*開催期間中、1日1回 2週間日替りでログインボーナスをプレゼント！*
`巡霊の葉 X 30
`_2023-11-30 19:31:13_
--------
*4eff0335928a2d0e92f38ea9bb56d72b*
`登陆天数: 79天 / 1005天
等级: 125
石头: 160
呼符: 0
体力: 11864.376666666667 / 137
友情点: 0 / 874635`
*連続ログイン2日目
※ログインが途切れるか、7日到達すると
1日目から再開されます*
`聖晶石 X 1
12月交換券(2023) X 1
`*日替りログインボーナス*
*開催期間中、1日1回 2週間日替りでログインボーナスをプレゼント！*
`巡霊の葉 X 30
`_2023-11-30 19:31:22_
--------
