【登录信息】
*11994367f9d07c43c5bd7ea069fb9c1a*
`登陆天数: 45天 / 2408天
等级: 164
石头: 320
呼符: 23
体力: 248.99666666666667 / 145
友情点: 800 / 44366160`
*連続ログイン3日目
※ログインが途切れるか、7日到達すると
1日目から再開されます*
`叡智の業火 X 1
12月交換券(2023) X 1
`*日替りログインボーナス*
*開催期間中、1日1回 2週間日替りでログインボーナスをプレゼント！*
`巡霊の葉 X 30
`_2023-12-02 19:31:14_
--------
*5147f543e54e14ce1d91f479d6a8c4fa*
`登陆天数: 470天 / 471天
等级: 129
石头: 1413
呼符: 0
体力: 3177.89 / 138
友情点: 0 / 314640`
*連続ログイン1日目
※ログインが途切れるか、7日到達すると
1日目から再開されます*
`フレンドポイント X 2000
12月交換券(2023) X 1
`*日替りログインボーナス*
*開催期間中、1日1回 2週間日替りでログインボーナスをプレゼント！*
`巡霊の葉 X 30
`_2023-12-02 19:31:23_
--------
*4eff0335928a2d0e92f38ea9bb56d72b*
`登陆天数: 81天 / 1007天
等级: 125
石头: 160
呼符: 0
体力: 12440.413333333334 / 137
友情点: 0 / 874635`
*連続ログイン4日目
※ログインが途切れるか、7日到達すると
1日目から再開されます*
`聖晶石 X 1
12月交換券(2023) X 1
`*日替りログインボーナス*
*開催期間中、1日1回 2週間日替りでログインボーナスをプレゼント！*
`巡霊の葉 X 30
`_2023-12-02 19:31:32_
--------
