【登录信息】
*11994367f9d07c43c5bd7ea069fb9c1a*
`登陆天数: 46天 / 2409天
等级: 164
石头: 325
呼符: 24
体力: 9.123333333333335 / 145
友情点: 295 / 44370780`
_2023-12-03 19:31:13_
--------
*5147f543e54e14ce1d91f479d6a8c4fa*
`登陆天数: 471天 / 472天
等级: 129
石头: 1413
呼符: 0
体力: 3465.88 / 138
友情点: 0 / 314640`
*連続ログイン2日目
※ログインが途切れるか、7日到達すると
1日目から再開されます*
`聖晶石 X 1
12月交換券(2023) X 1
`*日替りログインボーナス*
*開催期間中、1日1回 2週間日替りでログインボーナスをプレゼント！*
`巡霊の葉 X 30
`_2023-12-03 19:31:22_
--------
*4eff0335928a2d0e92f38ea9bb56d72b*
`登陆天数: 82天 / 1008天
等级: 125
石头: 160
呼符: 0
体力: 12728.403333333334 / 137
友情点: 0 / 874635`
*連続ログイン5日目
※ログインが途切れるか、7日到達すると
1日目から再開されます*
`叡智の業火 X 2
12月交換券(2023) X 1
`*日替りログインボーナス*
*開催期間中、1日1回 2週間日替りでログインボーナスをプレゼント！*
`巡霊の葉 X 30
`_2023-12-03 19:31:30_
--------
