【登录信息】
*11994367f9d07c43c5bd7ea069fb9c1a*
`登陆天数: 47天 / 2410天
等级: 165
石头: 358
呼符: 14
体力: 69.94666666666667 / 145
友情点: 225 / 44361535`
_2023-12-04 19:31:21_
--------
*5147f543e54e14ce1d91f479d6a8c4fa*
`登陆天数: 472天 / 473天
等级: 129
石头: 1413
呼符: 0
体力: 3753.9066666666668 / 138
友情点: 0 / 314640`
*連続ログイン3日目
※ログインが途切れるか、7日到達すると
1日目から再開されます*
`叡智の業火 X 1
12月交換券(2023) X 1
`*日替りログインボーナス*
*開催期間中、1日1回 2週間日替りでログインボーナスをプレゼント！*
`巡霊の葉 X 30
`_2023-12-04 19:31:29_
--------
*4eff0335928a2d0e92f38ea9bb56d72b*
`登陆天数: 83天 / 1009天
等级: 125
石头: 160
呼符: 0
体力: 13016.43 / 137
友情点: 0 / 874635`
*連続ログイン6日目
※ログインが途切れるか、7日到達すると
1日目から再開されます*
`聖晶石 X 2
12月交換券(2023) X 1
`*日替りログインボーナス*
*開催期間中、1日1回 2週間日替りでログインボーナスをプレゼント！*
`巡霊の葉 X 30
`_2023-12-04 19:31:37_
--------
