【登录信息】
*11994367f9d07c43c5bd7ea069fb9c1a*
`登陆天数: 48天 / 2411天
等级: 165
石头: 363
呼符: 15
体力: 21.049999999999997 / 145
友情点: 530 / 44315335`
_2023-12-05 19:31:15_
--------
*5147f543e54e14ce1d91f479d6a8c4fa*
`登陆天数: 473天 / 474天
等级: 129
石头: 1413
呼符: 0
体力: 4041.89 / 138
友情点: 0 / 314640`
*連続ログイン4日目
※ログインが途切れるか、7日到達すると
1日目から再開されます*
`聖晶石 X 1
12月交換券(2023) X 1
`*日替りログインボーナス*
*開催期間中、1日1回 2週間日替りでログインボーナスをプレゼント！*
`聖晶石 X 3
巡霊の葉 X 50
`_2023-12-05 19:31:24_
--------
*4eff0335928a2d0e92f38ea9bb56d72b*
`登陆天数: 84天 / 1010天
等级: 125
石头: 160
呼符: 0
体力: 13304.413333333334 / 137
友情点: 0 / 874635`
*連続ログイン7日間到達おめでとうございます！
明日は1日目からリスタートされます。*
`獣の足跡 X 1
呼符 X 1
12月交換券(2023) X 1
`*日替りログインボーナス*
*開催期間中、1日1回 2週間日替りでログインボーナスをプレゼント！*
`聖晶石 X 3
巡霊の葉 X 50
`_2023-12-05 19:31:32_
--------
