【登录信息】
*11994367f9d07c43c5bd7ea069fb9c1a*
`登陆天数: 49天 / 2412天
等级: 165
石头: 363
呼符: 16
体力: 16.703333333333347 / 145
友情点: 430 / 44324950`
_2023-12-06 19:31:07_
--------
*5147f543e54e14ce1d91f479d6a8c4fa*
`登陆天数: 474天 / 475天
等级: 129
石头: 1413
呼符: 0
体力: 4329.863333333334 / 138
友情点: 0 / 314640`
*連続ログイン5日目
※ログインが途切れるか、7日到達すると
1日目から再開されます*
`叡智の業火 X 2
12月交換券(2023) X 1
`*激走！川中島24時 ぐだぐだ超五稜郭 殺しのサインはM51
開幕記念 ログインボーナス*
*開催期間中、1日1回 最大21回ログインボーナスをプレゼント！*
`黄金の果実 X 1
`_2023-12-06 19:31:16_
--------
*4eff0335928a2d0e92f38ea9bb56d72b*
`登陆天数: 85天 / 1011天
等级: 125
石头: 160
呼符: 0
体力: 13592.39 / 137
友情点: 0 / 874635`
*連続ログイン1日目
※ログインが途切れるか、7日到達すると
1日目から再開されます*
`フレンドポイント X 2000
12月交換券(2023) X 1
`*激走！川中島24時 ぐだぐだ超五稜郭 殺しのサインはM51
開幕記念 ログインボーナス*
*開催期間中、1日1回 最大21回ログインボーナスをプレゼント！*
`黄金の果実 X 1
`_2023-12-06 19:31:25_
--------
