【登录信息】
*11994367f9d07c43c5bd7ea069fb9c1a*
`登陆天数: 50天 / 2413天
等级: 165
石头: 363
呼符: 16
体力: 13.379999999999995 / 145
友情点: 150 / 44330385`
_2023-12-07 19:31:11_
--------
*5147f543e54e14ce1d91f479d6a8c4fa*
`登陆天数: 475天 / 476天
等级: 129
石头: 1413
呼符: 0
体力: 4617.873333333333 / 138
友情点: 0 / 314640`
*連続ログイン6日目
※ログインが途切れるか、7日到達すると
1日目から再開されます*
`聖晶石 X 2
12月交換券(2023) X 1
`*激走！川中島24時 ぐだぐだ超五稜郭 殺しのサインはM51
開幕記念 ログインボーナス*
*開催期間中、1日1回 最大21回ログインボーナスをプレゼント！*
`白銀の果実 X 1
`_2023-12-07 19:31:20_
--------
*4eff0335928a2d0e92f38ea9bb56d72b*
`登陆天数: 86天 / 1012天
等级: 125
石头: 160
呼符: 0
体力: 13880.4 / 137
友情点: 0 / 874635`
*連続ログイン2日目
※ログインが途切れるか、7日到達すると
1日目から再開されます*
`聖晶石 X 1
12月交換券(2023) X 1
`*激走！川中島24時 ぐだぐだ超五稜郭 殺しのサインはM51
開幕記念 ログインボーナス*
*開催期間中、1日1回 最大21回ログインボーナスをプレゼント！*
`白銀の果実 X 1
`_2023-12-07 19:31:28_
--------
