【登录信息】
*11994367f9d07c43c5bd7ea069fb9c1a*
`登陆天数: 55天 / 2418天
等级: 165
石头: 397
呼符: 16
体力: 99.07 / 145
友情点: 355 / 44344275`
*連続ログイン6日目
※ログインが途切れるか、7日到達すると
1日目から再開されます*
`聖晶石 X 2
12月交換券(2023) X 1
`*激走！川中島24時 ぐだぐだ超五稜郭 殺しのサインはM51
開幕記念 ログインボーナス*
*開催期間中、1日1回 最大21回ログインボーナスをプレゼント！*
`黄金の果実 X 1
`_2023-12-12 19:31:14_
--------
*5147f543e54e14ce1d91f479d6a8c4fa*
`登陆天数: 480天 / 481天
等级: 129
石头: 1483
呼符: 2
体力: 6057.89 / 138
友情点: 0 / 310640`
*連続ログイン4日目
※ログインが途切れるか、7日到達すると
1日目から再開されます*
`聖晶石 X 1
12月交換券(2023) X 1
`*激走！川中島24時 ぐだぐだ超五稜郭 殺しのサインはM51
開幕記念 ログインボーナス*
*開催期間中、1日1回 最大21回ログインボーナスをプレゼント！*
`白銀の果実 X 1
`_2023-12-12 19:31:24_
--------
*4eff0335928a2d0e92f38ea9bb56d72b*
`登陆天数: 91天 / 1017天
等级: 125
石头: 160
呼符: 0
体力: 15320.416666666666 / 137
友情点: 0 / 874635`
*連続ログイン7日間到達おめでとうございます！
明日は1日目からリスタートされます。*
`獣の足跡 X 1
呼符 X 1
12月交換券(2023) X 1
`*激走！川中島24時 ぐだぐだ超五稜郭 殺しのサインはM51
開幕記念 ログインボーナス*
*開催期間中、1日1回 最大21回ログインボーナスをプレゼント！*
`白銀の果実 X 1
`_2023-12-12 19:31:32_
--------
