【登录信息】
*11994367f9d07c43c5bd7ea069fb9c1a*
`登陆天数: 56天 / 2419天
等级: 165
石头: 399
呼符: 16
体力: 108.14333333333333 / 145
友情点: 455 / 44345960`
*連続ログイン7日間到達おめでとうございます！
明日は1日目からリスタートされます。*
`獣の足跡 X 1
呼符 X 1
12月交換券(2023) X 1
`*激走！川中島24時 ぐだぐだ超五稜郭 殺しのサインはM51
開幕記念 ログインボーナス*
*開催期間中、1日1回 最大21回ログインボーナスをプレゼント！*
`白銀の果実 X 1
`_2023-12-13 19:31:12_
--------
*5147f543e54e14ce1d91f479d6a8c4fa*
`登陆天数: 481天 / 482天
等级: 129
石头: 1483
呼符: 2
体力: 6345.88 / 138
友情点: 0 / 310640`
*連続ログイン5日目
※ログインが途切れるか、7日到達すると
1日目から再開されます*
`叡智の業火 X 2
12月交換券(2023) X 1
`*激走！川中島24時 ぐだぐだ超五稜郭 殺しのサインはM51
開幕記念 ログインボーナス*
*開催期間中、1日1回 最大21回ログインボーナスをプレゼント！*
`黄金の果実 X 1
`_2023-12-13 19:31:21_
--------
*4eff0335928a2d0e92f38ea9bb56d72b*
`登陆天数: 92天 / 1018天
等级: 125
石头: 160
呼符: 0
体力: 15608.403333333334 / 137
友情点: 0 / 874635`
*連続ログイン1日目
※ログインが途切れるか、7日到達すると
1日目から再開されます*
`フレンドポイント X 2000
12月交換券(2023) X 1
`*激走！川中島24時 ぐだぐだ超五稜郭 殺しのサインはM51
開幕記念 ログインボーナス*
*開催期間中、1日1回 最大21回ログインボーナスをプレゼント！*
`黄金の果実 X 1
`_2023-12-13 19:31:29_
--------
