【登录信息】
*11994367f9d07c43c5bd7ea069fb9c1a*
`登陆天数: 59天 / 2422天
等级: 165
石头: 402
呼符: 17
体力: 453.32666666666665 / 145
友情点: 1110 / 44353005`
*連続ログイン3日目
※ログインが途切れるか、7日到達すると
1日目から再開されます*
`叡智の業火 X 1
12月交換券(2023) X 1
`*激走！川中島24時 ぐだぐだ超五稜郭 殺しのサインはM51
開幕記念 ログインボーナス*
*開催期間中、1日1回 最大21回ログインボーナスをプレゼント！*
`白銀の果実 X 1
`_2023-12-16 19:31:18_
--------
*5147f543e54e14ce1d91f479d6a8c4fa*
`登陆天数: 484天 / 485天
等级: 129
石头: 1483
呼符: 2
体力: 7209.903333333334 / 138
友情点: 0 / 310640`
*連続ログイン1日目
※ログインが途切れるか、7日到達すると
1日目から再開されます*
`フレンドポイント X 2000
12月交換券(2023) X 1
`*激走！川中島24時 ぐだぐだ超五稜郭 殺しのサインはM51
開幕記念 ログインボーナス*
*開催期間中、1日1回 最大21回ログインボーナスをプレゼント！*
`白銀の果実 X 1
`_2023-12-16 19:31:28_
--------
*4eff0335928a2d0e92f38ea9bb56d72b*
`登陆天数: 95天 / 1021天
等级: 125
石头: 160
呼符: 0
体力: 16472.426666666666 / 137
友情点: 0 / 874635`
*連続ログイン4日目
※ログインが途切れるか、7日到達すると
1日目から再開されます*
`聖晶石 X 1
12月交換券(2023) X 1
`*激走！川中島24時 ぐだぐだ超五稜郭 殺しのサインはM51
開幕記念 ログインボーナス*
*開催期間中、1日1回 最大21回ログインボーナスをプレゼント！*
`白銀の果実 X 1
`_2023-12-16 19:31:36_
--------
