【登录信息】
*11994367f9d07c43c5bd7ea069fb9c1a*
`登陆天数: 61天 / 2424天
等级: 165
石头: 404
呼符: 17
体力: 27.75666666666666 / 145
友情点: 935 / 44357635`
*連続ログイン5日目
※ログインが途切れるか、7日到達すると
1日目から再開されます*
`叡智の業火 X 2
12月交換券(2023) X 1
`*激走！川中島24時 ぐだぐだ超五稜郭 殺しのサインはM51
開幕記念 ログインボーナス*
*開催期間中、1日1回 最大21回ログインボーナスをプレゼント！*
`白銀の果実 X 1
`_2023-12-18 19:30:52_
--------
*5147f543e54e14ce1d91f479d6a8c4fa*
`登陆天数: 486天 / 487天
等级: 129
石头: 1483
呼符: 2
体力: 7785.816666666667 / 138
友情点: 0 / 310640`
*連続ログイン3日目
※ログインが途切れるか、7日到達すると
1日目から再開されます*
`叡智の業火 X 1
12月交換券(2023) X 1
`*激走！川中島24時 ぐだぐだ超五稜郭 殺しのサインはM51
開幕記念 ログインボーナス*
*開催期間中、1日1回 最大21回ログインボーナスをプレゼント！*
`白銀の果実 X 1
`_2023-12-18 19:31:02_
--------
*4eff0335928a2d0e92f38ea9bb56d72b*
`登陆天数: 97天 / 1023天
等级: 125
石头: 160
呼符: 0
体力: 17048.343333333334 / 137
友情点: 0 / 874635`
*連続ログイン6日目
※ログインが途切れるか、7日到達すると
1日目から再開されます*
`聖晶石 X 2
12月交換券(2023) X 1
`*激走！川中島24時 ぐだぐだ超五稜郭 殺しのサインはM51
開幕記念 ログインボーナス*
*開催期間中、1日1回 最大21回ログインボーナスをプレゼント！*
`白銀の果実 X 1
`_2023-12-18 19:31:10_
--------
