【登录信息】
*11994367f9d07c43c5bd7ea069fb9c1a*
`登陆天数: 62天 / 2425天
等级: 165
石头: 404
呼符: 17
体力: 315.75 / 145
友情点: 755 / 44359090`
*連続ログイン6日目
※ログインが途切れるか、7日到達すると
1日目から再開されます*
`聖晶石 X 2
12月交換券(2023) X 1
`_2023-12-19 19:30:51_
--------
*5147f543e54e14ce1d91f479d6a8c4fa*
`登陆天数: 487天 / 488天
等级: 129
石头: 1483
呼符: 2
体力: 8073.81 / 138
友情点: 0 / 310640`
*連続ログイン4日目
※ログインが途切れるか、7日到達すると
1日目から再開されます*
`聖晶石 X 1
12月交換券(2023) X 1
`_2023-12-19 19:31:00_
--------
*4eff0335928a2d0e92f38ea9bb56d72b*
`登陆天数: 98天 / 1024天
等级: 125
石头: 160
呼符: 0
体力: 17336.333333333332 / 137
友情点: 0 / 874635`
*連続ログイン7日間到達おめでとうございます！
明日は1日目からリスタートされます。*
`獣の足跡 X 1
呼符 X 1
12月交換券(2023) X 1
`_2023-12-19 19:31:08_
--------
