【登录信息】
*11994367f9d07c43c5bd7ea069fb9c1a*
`登陆天数: 65天 / 2428天
等级: 165
石头: 413
呼符: 19
体力: 67.83666666666667 / 145
友情点: 210 / 44422625`
*連続ログイン2日目
※ログインが途切れるか、7日到達すると
1日目から再開されます*
`聖晶石 X 1
12月交換券(2023) X 1
`*雪原のメリー・クリスマス2023 ～7days / 8years Snow Carol～開幕記念 ログインボーナス*
*開催期間中、1日1回 最大10回ログインボーナスをプレゼント！*
`白銀の果実 X 1
`_2023-12-22 19:30:57_
--------
*5147f543e54e14ce1d91f479d6a8c4fa*
`登陆天数: 490天 / 491天
等级: 129
石头: 1483
呼符: 2
体力: 8937.826666666666 / 138
友情点: 0 / 310640`
*連続ログイン7日間到達おめでとうございます！
明日は1日目からリスタートされます。*
`獣の足跡 X 1
呼符 X 1
12月交換券(2023) X 1
`*雪原のメリー・クリスマス2023 ～7days / 8years Snow Carol～開幕記念 ログインボーナス*
*開催期間中、1日1回 最大10回ログインボーナスをプレゼント！*
`白銀の果実 X 1
`_2023-12-22 19:31:05_
--------
*4eff0335928a2d0e92f38ea9bb56d72b*
`登陆天数: 101天 / 1027天
等级: 125
石头: 160
呼符: 0
体力: 18200.35 / 137
友情点: 0 / 874635`
*連続ログイン3日目
※ログインが途切れるか、7日到達すると
1日目から再開されます*
`叡智の業火 X 1
12月交換券(2023) X 1
`*雪原のメリー・クリスマス2023 ～7days / 8years Snow Carol～開幕記念 ログインボーナス*
*開催期間中、1日1回 最大10回ログインボーナスをプレゼント！*
`白銀の果実 X 1
`_2023-12-22 19:31:13_
--------
