【登录信息】
*11994367f9d07c43c5bd7ea069fb9c1a*
`登陆天数: 66天 / 2429天
等级: 165
石头: 414
呼符: 19
体力: 67.20666666666666 / 145
友情点: 340 / 44428370`
_2023-12-23 19:31:01_
--------
*5147f543e54e14ce1d91f479d6a8c4fa*
`登陆天数: 491天 / 492天
等级: 129
石头: 1483
呼符: 2
体力: 9225.84 / 138
友情点: 0 / 310640`
*連続ログイン1日目
※ログインが途切れるか、7日到達すると
1日目から再開されます*
`フレンドポイント X 2000
12月交換券(2023) X 1
`*雪原のメリー・クリスマス2023 ～7days / 8years Snow Carol～開幕記念 ログインボーナス*
*開催期間中、1日1回 最大10回ログインボーナスをプレゼント！*
`白銀の果実 X 1
`_2023-12-23 19:31:10_
--------
*4eff0335928a2d0e92f38ea9bb56d72b*
`登陆天数: 102天 / 1028天
等级: 125
石头: 160
呼符: 0
体力: 18488.363333333335 / 137
友情点: 0 / 874635`
*連続ログイン4日目
※ログインが途切れるか、7日到達すると
1日目から再開されます*
`聖晶石 X 1
12月交換券(2023) X 1
`*雪原のメリー・クリスマス2023 ～7days / 8years Snow Carol～開幕記念 ログインボーナス*
*開催期間中、1日1回 最大10回ログインボーナスをプレゼント！*
`白銀の果実 X 1
`_2023-12-23 19:31:18_
--------
