【登录信息】
*11994367f9d07c43c5bd7ea069fb9c1a*
`登陆天数: 67天 / 2430天
等级: 165
石头: 414
呼符: 19
体力: 247.20999999999998 / 145
友情点: 125 / 44436845`
*連続ログイン4日目
※ログインが途切れるか、7日到達すると
1日目から再開されます*
`聖晶石 X 1
12月交換券(2023) X 1
`*ネモ〔サンタ〕からのクリスマスプレゼント*
*開催期間中、初回ログインで「聖晶石×10」をプレゼント！*
`聖晶石 X 10
`_2023-12-24 19:31:03_
--------
*5147f543e54e14ce1d91f479d6a8c4fa*
`登陆天数: 492天 / 493天
等级: 129
石头: 1483
呼符: 2
体力: 9513.846666666666 / 138
友情点: 0 / 310640`
*連続ログイン2日目
※ログインが途切れるか、7日到達すると
1日目から再開されます*
`聖晶石 X 1
12月交換券(2023) X 1
`*ネモ〔サンタ〕からのクリスマスプレゼント*
*開催期間中、初回ログインで「聖晶石×10」をプレゼント！*
`聖晶石 X 10
`_2023-12-24 19:31:12_
--------
*4eff0335928a2d0e92f38ea9bb56d72b*
`登陆天数: 103天 / 1029天
等级: 125
石头: 160
呼符: 0
体力: 18776.37 / 137
友情点: 0 / 874635`
*連続ログイン5日目
※ログインが途切れるか、7日到達すると
1日目から再開されます*
`叡智の業火 X 2
12月交換券(2023) X 1
`*ネモ〔サンタ〕からのクリスマスプレゼント*
*開催期間中、初回ログインで「聖晶石×10」をプレゼント！*
`聖晶石 X 10
`_2023-12-24 19:31:19_
--------
