【登录信息】
*11994367f9d07c43c5bd7ea069fb9c1a*
`登陆天数: 68天 / 2431天
等级: 165
石头: 428
呼符: 19
体力: 47.38666666666667 / 145
友情点: 610 / 44448510`
*連続ログイン5日目
※ログインが途切れるか、7日到達すると
1日目から再開されます*
`叡智の業火 X 2
12月交換券(2023) X 1
`*雪原のメリー・クリスマス2023 ～7days / 8years Snow Carol～開幕記念 ログインボーナス*
*開催期間中、1日1回 最大10回ログインボーナスをプレゼント！*
`白銀の果実 X 1
`_2023-12-25 19:31:19_
--------
*5147f543e54e14ce1d91f479d6a8c4fa*
`登陆天数: 493天 / 494天
等级: 129
石头: 1483
呼符: 2
体力: 9801.9 / 138
友情点: 0 / 310640`
*連続ログイン3日目
※ログインが途切れるか、7日到達すると
1日目から再開されます*
`叡智の業火 X 1
12月交換券(2023) X 1
`*雪原のメリー・クリスマス2023 ～7days / 8years Snow Carol～開幕記念 ログインボーナス*
*開催期間中、1日1回 最大10回ログインボーナスをプレゼント！*
`白銀の果実 X 1
`_2023-12-25 19:31:28_
--------
*4eff0335928a2d0e92f38ea9bb56d72b*
`登陆天数: 104天 / 1030天
等级: 125
石头: 160
呼符: 0
体力: 19064.426666666666 / 137
友情点: 0 / 874635`
*連続ログイン6日目
※ログインが途切れるか、7日到達すると
1日目から再開されます*
`聖晶石 X 2
12月交換券(2023) X 1
`*雪原のメリー・クリスマス2023 ～7days / 8years Snow Carol～開幕記念 ログインボーナス*
*開催期間中、1日1回 最大10回ログインボーナスをプレゼント！*
`白銀の果実 X 1
`_2023-12-25 19:31:36_
--------
