【登录信息】
*11994367f9d07c43c5bd7ea069fb9c1a*
`登陆天数: 69天 / 2432天
等级: 165
石头: 428
呼符: 19
体力: 335.38666666666666 / 145
友情点: 240 / 44448810`
*連続ログイン6日目
※ログインが途切れるか、7日到達すると
1日目から再開されます*
`聖晶石 X 2
12月交換券(2023) X 1
`*「FGO カルデア・サテライトステーション 2023-2024」京都会場開催直前 ログインボーナス*
*開催期間中、1日1回 最大3回 ログインボーナスをプレゼント！*
`サテライトステーション23-24 X 1
黄金の果実 X 1
`_2023-12-26 19:31:19_
--------
*5147f543e54e14ce1d91f479d6a8c4fa*
`登陆天数: 494天 / 495天
等级: 129
石头: 1483
呼符: 2
体力: 10089.903333333334 / 138
友情点: 0 / 310640`
*連続ログイン4日目
※ログインが途切れるか、7日到達すると
1日目から再開されます*
`聖晶石 X 1
12月交換券(2023) X 1
`*「FGO カルデア・サテライトステーション 2023-2024」京都会場開催直前 ログインボーナス*
*開催期間中、1日1回 最大3回 ログインボーナスをプレゼント！*
`サテライトステーション23-24 X 1
黄金の果実 X 1
`_2023-12-26 19:31:28_
--------
*4eff0335928a2d0e92f38ea9bb56d72b*
`登陆天数: 105天 / 1031天
等级: 125
石头: 160
呼符: 0
体力: 19352.426666666666 / 137
友情点: 0 / 874635`
*連続ログイン7日間到達おめでとうございます！
明日は1日目からリスタートされます。*
`獣の足跡 X 1
呼符 X 1
12月交換券(2023) X 1
`*「FGO カルデア・サテライトステーション 2023-2024」京都会場開催直前 ログインボーナス*
*開催期間中、1日1回 最大3回 ログインボーナスをプレゼント！*
`サテライトステーション23-24 X 1
黄金の果実 X 1
`_2023-12-26 19:31:36_
--------
