【登录信息】
*11994367f9d07c43c5bd7ea069fb9c1a*
`登陆天数: 70天 / 2433天
等级: 165
石头: 434
呼符: 19
体力: 9.780000000000001 / 145
友情点: 100 / 44576575`
_2023-12-27 19:31:06_
--------
*5147f543e54e14ce1d91f479d6a8c4fa*
`登陆天数: 495天 / 496天
等级: 129
石头: 1483
呼符: 2
体力: 10377.856666666667 / 138
友情点: 0 / 310640`
*連続ログイン5日目
※ログインが途切れるか、7日到達すると
1日目から再開されます*
`叡智の業火 X 2
12月交換券(2023) X 1
`*「FGO カルデア・サテライトステーション 2023-2024」京都会場開催直前 ログインボーナス*
*開催期間中、1日1回 最大3回 ログインボーナスをプレゼント！*
`黄金の果実 X 1
`_2023-12-27 19:31:14_
--------
*4eff0335928a2d0e92f38ea9bb56d72b*
`登陆天数: 106天 / 1032天
等级: 125
石头: 160
呼符: 0
体力: 19640.38 / 137
友情点: 0 / 874635`
*連続ログイン1日目
※ログインが途切れるか、7日到達すると
1日目から再開されます*
`フレンドポイント X 2000
12月交換券(2023) X 1
`*「FGO カルデア・サテライトステーション 2023-2024」京都会場開催直前 ログインボーナス*
*開催期間中、1日1回 最大3回 ログインボーナスをプレゼント！*
`黄金の果実 X 1
`_2023-12-27 19:31:22_
--------
