【登录信息】
*11994367f9d07c43c5bd7ea069fb9c1a*
`登陆天数: 71天 / 2434天
等级: 165
石头: 434
呼符: 20
体力: 35.19 / 145
友情点: 290 / 44589080`
*連続ログイン1日目
※ログインが途切れるか、7日到達すると
1日目から再開されます*
`フレンドポイント X 2000
12月交換券(2023) X 1
`*「FGO カルデア・サテライトステーション 2023-2024」京都会場開催直前 ログインボーナス*
*開催期間中、1日1回 最大3回 ログインボーナスをプレゼント！*
`黄金の果実 X 1
`_2023-12-28 19:31:13_
--------
*5147f543e54e14ce1d91f479d6a8c4fa*
`登陆天数: 496天 / 497天
等级: 129
石头: 1483
呼符: 2
体力: 10665.88 / 138
友情点: 0 / 310640`
*連続ログイン6日目
※ログインが途切れるか、7日到達すると
1日目から再開されます*
`聖晶石 X 2
12月交換券(2023) X 1
`*「FGO カルデア・サテライトステーション 2023-2024」京都会場開催直前 ログインボーナス*
*開催期間中、1日1回 最大3回 ログインボーナスをプレゼント！*
`黄金の果実 X 1
`_2023-12-28 19:31:21_
--------
*4eff0335928a2d0e92f38ea9bb56d72b*
`登陆天数: 107天 / 1033天
等级: 125
石头: 160
呼符: 0
体力: 19928.4 / 137
友情点: 0 / 874635`
*連続ログイン2日目
※ログインが途切れるか、7日到達すると
1日目から再開されます*
`聖晶石 X 1
12月交換券(2023) X 1
`*「FGO カルデア・サテライトステーション 2023-2024」京都会場開催直前 ログインボーナス*
*開催期間中、1日1回 最大3回 ログインボーナスをプレゼント！*
`黄金の果実 X 1
`_2023-12-28 19:31:29_
--------
