【登录信息】
*11994367f9d07c43c5bd7ea069fb9c1a*
`登陆天数: 72天 / 2435天
等级: 166
石头: 435
呼符: 20
体力: 31.066666666666663 / 145
友情点: 290 / 44648895`
*連続ログイン2日目
※ログインが途切れるか、7日到達すると
1日目から再開されます*
`聖晶石 X 1
12月交換券(2023) X 1
`*「FGO カルデア・サテライトステーション 2023-2024」京都会場開催記念 3万リポスト達成プレゼント*
*開催期間中、初回ログインで「聖晶石×6」をプレゼント！*
`聖晶石 X 6
`_2023-12-29 19:31:01_
--------
*5147f543e54e14ce1d91f479d6a8c4fa*
`登陆天数: 497天 / 498天
等级: 129
石头: 1483
呼符: 2
体力: 10953.84 / 138
友情点: 0 / 310640`
*連続ログイン7日間到達おめでとうございます！
明日は1日目からリスタートされます。*
`獣の足跡 X 1
呼符 X 1
12月交換券(2023) X 1
`*「FGO カルデア・サテライトステーション 2023-2024」京都会場開催記念 3万リポスト達成プレゼント*
*開催期間中、初回ログインで「聖晶石×6」をプレゼント！*
`聖晶石 X 6
`_2023-12-29 19:31:09_
--------
*4eff0335928a2d0e92f38ea9bb56d72b*
`登陆天数: 108天 / 1034天
等级: 125
石头: 160
呼符: 0
体力: 20216.363333333335 / 137
友情点: 0 / 874635`
*連続ログイン3日目
※ログインが途切れるか、7日到達すると
1日目から再開されます*
`叡智の業火 X 1
12月交換券(2023) X 1
`*「FGO カルデア・サテライトステーション 2023-2024」京都会場開催記念 3万リポスト達成プレゼント*
*開催期間中、初回ログインで「聖晶石×6」をプレゼント！*
`聖晶石 X 6
`_2023-12-29 19:31:17_
--------
