【登录信息】
*11994367f9d07c43c5bd7ea069fb9c1a*
`登陆天数: 73天 / 2436天
等级: 166
石头: 454
呼符: 21
体力: 12.930000000000007 / 145
友情点: 285 / 44761915`
_2023-12-30 19:31:16_
--------
*5147f543e54e14ce1d91f479d6a8c4fa*
`登陆天数: 498天 / 499天
等级: 129
石头: 1483
呼符: 2
体力: 11241.89 / 138
友情点: 0 / 310640`
*連続ログイン1日目
※ログインが途切れるか、7日到達すると
1日目から再開されます*
`フレンドポイント X 2000
12月交換券(2023) X 1
`*Fate Project 大晦日TVスペシャル2023 放送カウントダウンログインボーナス*
*開催期間中、1日1回 3日間日替りでログインボーナスをプレゼント！*
`黄金の果実 X 1
呼符 X 1
`_2023-12-30 19:31:24_
--------
*4eff0335928a2d0e92f38ea9bb56d72b*
`登陆天数: 109天 / 1035天
等级: 125
石头: 160
呼符: 0
体力: 20504.413333333334 / 137
友情点: 0 / 874635`
*連続ログイン4日目
※ログインが途切れるか、7日到達すると
1日目から再開されます*
`聖晶石 X 1
12月交換券(2023) X 1
`*Fate Project 大晦日TVスペシャル2023 放送カウントダウンログインボーナス*
*開催期間中、1日1回 3日間日替りでログインボーナスをプレゼント！*
`黄金の果実 X 1
呼符 X 1
`_2023-12-30 19:31:32_
--------
