【登录信息】
*4eff0335928a2d0e92f38ea9bb56d72b*
`登陆天数: 38天 / 964天
等级: 125
石头: 160
呼符: 0
体力: 56.36666666666666 / 137
友情点: 0 / 874635`
*連続ログイン3日目
※ログインが途切れるか、7日到達すると
1日目から再開されます*
`叡智の業火 X 1
10月交換券(2023) X 1
`*日替りログインボーナス*
*開催期間中、1日1回 2週間日替りでログインボーナスをプレゼント！*
`聖晶石 X 2
巡霊の葉 X 100
`_2023-10-20 19:31:18_
--------
*0f6cf25422d131e7abe5b9183ce51004*
`登陆天数: 427天 / 428天
等级: 129
石头: 2239
呼符: 0
体力: 124.12666666666667 / 138
友情点: 0 / 394415`
*連続ログイン7日間到達おめでとうございます！
明日は1日目からリスタートされます。*
`獣の足跡 X 1
呼符 X 1
10月交換券(2023) X 1
`*日替りログインボーナス*
*開催期間中、1日1回 2週間日替りでログインボーナスをプレゼント！*
`聖晶石 X 2
巡霊の葉 X 100
`_2023-10-20 19:31:26_
--------
