【登录信息】
*4eff0335928a2d0e92f38ea9bb56d72b*
`登陆天数: 39天 / 965天
等级: 125
石头: 160
呼符: 0
体力: 344.3566666666667 / 137
友情点: 0 / 874635`
*連続ログイン4日目
※ログインが途切れるか、7日到達すると
1日目から再開されます*
`聖晶石 X 1
10月交換券(2023) X 1
`*【リリース3000日突破記念特別】
ログインボーナス*
*開催期間中、1日1回 最大7回 回数ログインボーナスをプレゼント！*
`呼符 X 1
`_2023-10-21 19:31:15_
--------
*0f6cf25422d131e7abe5b9183ce51004*
`登陆天数: 428天 / 429天
等级: 129
石头: 2239
呼符: 0
体力: 412.1166666666667 / 138
友情点: 0 / 394415`
*連続ログイン1日目
※ログインが途切れるか、7日到達すると
1日目から再開されます*
`フレンドポイント X 2000
10月交換券(2023) X 1
`*【リリース3000日突破記念特別】
ログインボーナス*
*開催期間中、1日1回 最大7回 回数ログインボーナスをプレゼント！*
`呼符 X 1
`_2023-10-21 19:31:23_
--------
