【登录信息】
*4eff0335928a2d0e92f38ea9bb56d72b*
`登陆天数: 40天 / 966天
等级: 125
石头: 160
呼符: 0
体力: 632.3199999999999 / 137
友情点: 0 / 874635`
*連続ログイン5日目
※ログインが途切れるか、7日到達すると
1日目から再開されます*
`叡智の業火 X 2
10月交換券(2023) X 1
`*日替りログインボーナス*
*開催期間中、1日1回 2週間日替りでログインボーナスをプレゼント！*
`巡霊の葉 X 30
`_2023-10-22 19:31:04_
--------
*0f6cf25422d131e7abe5b9183ce51004*
`登陆天数: 429天 / 430天
等级: 129
石头: 2239
呼符: 0
体力: 700.08 / 138
友情点: 0 / 394415`
*連続ログイン2日目
※ログインが途切れるか、7日到達すると
1日目から再開されます*
`聖晶石 X 1
10月交換券(2023) X 1
`*日替りログインボーナス*
*開催期間中、1日1回 2週間日替りでログインボーナスをプレゼント！*
`巡霊の葉 X 30
`_2023-10-22 19:31:13_
--------
