【登录信息】
*4eff0335928a2d0e92f38ea9bb56d72b*
`登陆天数: 41天 / 967天
等级: 125
石头: 160
呼符: 0
体力: 920.3566666666667 / 137
友情点: 0 / 874635`
*連続ログイン6日目
※ログインが途切れるか、7日到達すると
1日目から再開されます*
`聖晶石 X 2
10月交換券(2023) X 1
`*日替りログインボーナス*
*開催期間中、1日1回 2週間日替りでログインボーナスをプレゼント！*
`巡霊の葉 X 30
`_2023-10-23 19:31:15_
--------
*0f6cf25422d131e7abe5b9183ce51004*
`登陆天数: 430天 / 431天
等级: 129
石头: 2239
呼符: 0
体力: 988.12 / 138
友情点: 0 / 394415`
*連続ログイン3日目
※ログインが途切れるか、7日到達すると
1日目から再開されます*
`叡智の業火 X 1
10月交換券(2023) X 1
`*日替りログインボーナス*
*開催期間中、1日1回 2週間日替りでログインボーナスをプレゼント！*
`巡霊の葉 X 30
`_2023-10-23 19:31:24_
--------
