【登录信息】
*4eff0335928a2d0e92f38ea9bb56d72b*
`登陆天数: 42天 / 968天
等级: 125
石头: 160
呼符: 0
体力: 1208.2733333333333 / 137
友情点: 0 / 874635`
*連続ログイン7日間到達おめでとうございます！
明日は1日目からリスタートされます。*
`獣の足跡 X 1
呼符 X 1
10月交換券(2023) X 1
`*日替りログインボーナス*
*開催期間中、1日1回 2週間日替りでログインボーナスをプレゼント！*
`聖晶石 X 3
巡霊の葉 X 50
`_2023-10-24 19:30:50_
--------
*0f6cf25422d131e7abe5b9183ce51004*
`登陆天数: 431天 / 432天
等级: 129
石头: 2239
呼符: 0
体力: 1276.0333333333333 / 138
友情点: 0 / 394415`
*連続ログイン4日目
※ログインが途切れるか、7日到達すると
1日目から再開されます*
`聖晶石 X 1
10月交換券(2023) X 1
`*日替りログインボーナス*
*開催期間中、1日1回 2週間日替りでログインボーナスをプレゼント！*
`聖晶石 X 3
巡霊の葉 X 50
`_2023-10-24 19:30:58_
--------
