【登录信息】
*4eff0335928a2d0e92f38ea9bb56d72b*
`登陆天数: 43天 / 969天
等级: 125
石头: 160
呼符: 0
体力: 1496.3366666666666 / 137
友情点: 0 / 874635`
*連続ログイン1日目
※ログインが途切れるか、7日到達すると
1日目から再開されます*
`フレンドポイント X 2000
10月交換券(2023) X 1
`*FGO カルデア放送局 ライト版 聖杯戦線 ～白天の城、黒夜の城～放送記念 初回ログインボーナス*
*開催期間中、初回ログインで「聖晶石×14」をプレゼント！*
`聖晶石 X 14
`_2023-10-25 19:31:09_
--------
*0f6cf25422d131e7abe5b9183ce51004*
`登陆天数: 432天 / 433天
等级: 129
石头: 2252
呼符: 2
体力: 70.93 / 138
友情点: 0 / 390415`
*連続ログイン5日目
※ログインが途切れるか、7日到達すると
1日目から再開されます*
`叡智の業火 X 2
10月交換券(2023) X 1
`*FGO カルデア放送局 ライト版 聖杯戦線 ～白天の城、黒夜の城～放送記念 初回ログインボーナス*
*開催期間中、初回ログインで「聖晶石×14」をプレゼント！*
`聖晶石 X 14
`_2023-10-25 19:31:18_
--------
