【登录信息】
*4eff0335928a2d0e92f38ea9bb56d72b*
`登陆天数: 44天 / 970天
等级: 125
石头: 160
呼符: 0
体力: 1784.3266666666666 / 137
友情点: 0 / 874635`
*連続ログイン2日目
※ログインが途切れるか、7日到達すると
1日目から再開されます*
`聖晶石 X 1
10月交換券(2023) X 1
`*聖杯戦線 ～白天の城、黒夜の城～開幕記念 ログインボーナス*
*開催期間中、1日1回 最大21回ログインボーナスをプレゼント！*
`白銀の果実 X 1
`_2023-10-26 19:31:06_
--------
*0f6cf25422d131e7abe5b9183ce51004*
`登陆天数: 433天 / 434天
等级: 129
石头: 2127
呼符: 0
体力: 22.736666666666665 / 138
友情点: 0 / 390415`
*連続ログイン6日目
※ログインが途切れるか、7日到達すると
1日目から再開されます*
`聖晶石 X 2
10月交換券(2023) X 1
`*聖杯戦線 ～白天の城、黒夜の城～開幕記念 ログインボーナス*
*開催期間中、1日1回 最大21回ログインボーナスをプレゼント！*
`白銀の果実 X 1
`_2023-10-26 19:31:15_
--------
