【登录信息】
*4eff0335928a2d0e92f38ea9bb56d72b*
`登陆天数: 45天 / 971天
等级: 125
石头: 160
呼符: 0
体力: 2072.3233333333333 / 137
友情点: 0 / 874635`
*連続ログイン3日目
※ログインが途切れるか、7日到達すると
1日目から再開されます*
`叡智の業火 X 1
10月交換券(2023) X 1
`*聖杯戦線 ～白天の城、黒夜の城～開幕記念 ログインボーナス*
*開催期間中、1日1回 最大21回ログインボーナスをプレゼント！*
`白銀の果実 X 1
`_2023-10-27 19:31:05_
--------
*0f6cf25422d131e7abe5b9183ce51004*
`登陆天数: 434天 / 435天
等级: 129
石头: 2127
呼符: 0
体力: 310.73 / 138
友情点: 0 / 390415`
*連続ログイン7日間到達おめでとうございます！
明日は1日目からリスタートされます。*
`獣の足跡 X 1
呼符 X 1
10月交換券(2023) X 1
`*聖杯戦線 ～白天の城、黒夜の城～開幕記念 ログインボーナス*
*開催期間中、1日1回 最大21回ログインボーナスをプレゼント！*
`白銀の果実 X 1
`_2023-10-27 19:31:13_
--------
