【登录信息】
*4eff0335928a2d0e92f38ea9bb56d72b*
`登陆天数: 46天 / 972天
等级: 125
石头: 160
呼符: 0
体力: 2360.37 / 137
友情点: 0 / 874635`
*連続ログイン4日目
※ログインが途切れるか、7日到達すると
1日目から再開されます*
`聖晶石 X 1
10月交換券(2023) X 1
`*聖杯戦線 ～白天の城、黒夜の城～開幕記念 ログインボーナス*
*開催期間中、1日1回 最大21回ログインボーナスをプレゼント！*
`白銀の果実 X 1
`_2023-10-28 19:31:18_
--------
*0f6cf25422d131e7abe5b9183ce51004*
`登陆天数: 435天 / 436天
等级: 129
石头: 2127
呼符: 0
体力: 598.7766666666666 / 138
友情点: 0 / 390415`
*連続ログイン1日目
※ログインが途切れるか、7日到達すると
1日目から再開されます*
`フレンドポイント X 2000
10月交換券(2023) X 1
`*聖杯戦線 ～白天の城、黒夜の城～開幕記念 ログインボーナス*
*開催期間中、1日1回 最大21回ログインボーナスをプレゼント！*
`白銀の果実 X 1
`_2023-10-28 19:31:27_
--------
