【登录信息】
*11994367f9d07c43c5bd7ea069fb9c1a*
`登陆天数: 11天 / 2374天
等级: 164
石头: 139
呼符: 8
体力: 78.84666666666666 / 145
友情点: 880 / 44920795`
*連続ログイン4日目
※ログインが途切れるか、7日到達すると
1日目から再開されます*
`聖晶石 X 1
10月交換券(2023) X 1
`*初回ログインボーナス*
*開催期間中、初回ログインボーナスをプレゼント！*
`聖晶石 X 10
`_2023-10-29 19:31:02_
--------
*0f6cf25422d131e7abe5b9183ce51004*
`登陆天数: 436天 / 437天
等级: 129
石头: 2127
呼符: 0
体力: 886.7233333333334 / 138
友情点: 0 / 390415`
*連続ログイン2日目
※ログインが途切れるか、7日到達すると
1日目から再開されます*
`聖晶石 X 1
10月交換券(2023) X 1
`*初回ログインボーナス*
*開催期間中、初回ログインボーナスをプレゼント！*
`聖晶石 X 10
`_2023-10-29 19:31:11_
--------
*4eff0335928a2d0e92f38ea9bb56d72b*
`登陆天数: 47天 / 973天
等级: 125
石头: 160
呼符: 0
体力: 2648.37 / 137
友情点: 0 / 874635`
*連続ログイン5日目
※ログインが途切れるか、7日到達すると
1日目から再開されます*
`叡智の業火 X 2
10月交換券(2023) X 1
`*初回ログインボーナス*
*開催期間中、初回ログインボーナスをプレゼント！*
`聖晶石 X 10
`_2023-10-29 19:31:19_
--------
