【登录信息】
*11994367f9d07c43c5bd7ea069fb9c1a*
`登陆天数: 12天 / 2375天
等级: 164
石头: 152
呼符: 9
体力: 11.693333333333328 / 145
友情点: 1265 / 44934755`
_2023-10-30 19:31:10_
--------
*0f6cf25422d131e7abe5b9183ce51004*
`登陆天数: 437天 / 438天
等级: 129
石头: 2127
呼符: 0
体力: 1174.7466666666667 / 138
友情点: 0 / 390415`
*連続ログイン3日目
※ログインが途切れるか、7日到達すると
1日目から再開されます*
`叡智の業火 X 1
10月交換券(2023) X 1
`*聖杯戦線 ～白天の城、黒夜の城～開幕記念 ログインボーナス*
*開催期間中、1日1回 最大21回ログインボーナスをプレゼント！*
`白銀の果実 X 1
`_2023-10-30 19:31:18_
--------
*4eff0335928a2d0e92f38ea9bb56d72b*
`登陆天数: 48天 / 974天
等级: 125
石头: 160
呼符: 0
体力: 2936.3966666666665 / 137
友情点: 0 / 874635`
*連続ログイン6日目
※ログインが途切れるか、7日到達すると
1日目から再開されます*
`聖晶石 X 2
10月交換券(2023) X 1
`*聖杯戦線 ～白天の城、黒夜の城～開幕記念 ログインボーナス*
*開催期間中、1日1回 最大21回ログインボーナスをプレゼント！*
`白銀の果実 X 1
`_2023-10-30 19:31:27_
--------
